08:12:43.141 DEBUG hr.pbf.digestdb.SearchWeb:53 - Start web on port: 7071 db dir: /home/tag/IdeaProjects/DigestedProteinDB/misc/db/trembl/rocksdb_mass.db
08:12:43.144 INFO  hr.pbf.digestdb.SearchWeb:57 - Initializing database...
08:12:43.223 ERROR hr.pbf.digestdb.SearchWeb:91 - Error starting web server
org.rocksdb.RocksDBException: While opening a file for sequentially reading: /home/tag/IdeaProjects/DigestedProteinDB/misc/db/trembl/rocksdb_mass.db/CURRENT: No such file or directory
	at org.rocksdb.RocksDB.openROnly(Native Method)
	at org.rocksdb.RocksDB.openReadOnly(RocksDB.java:409)
	at org.rocksdb.RocksDB.openReadOnly(RocksDB.java:382)
	at hr.pbf.digestdb.util.MyUtil.openReadDB(MyUtil.java:100)
	at hr.pbf.digestdb.db.MassRocksDbReader.open(MassRocksDbReader.java:24)
	at hr.pbf.digestdb.db.MassRocksDbReader.<init>(MassRocksDbReader.java:20)
	at hr.pbf.digestdb.SearchWeb.start(SearchWeb.java:59)
	at hr.pbf.digestdb.DigestedApp$WebServerCommand.call(DigestedApp.java:111)
	at hr.pbf.digestdb.DigestedApp$WebServerCommand.call(DigestedApp.java:98)
	at picocli.CommandLine.executeUserObject(CommandLine.java:2045)
	at picocli.CommandLine.access$1500(CommandLine.java:148)
	at picocli.CommandLine$RunLast.executeUserObjectOfLastSubcommandWithSameParent(CommandLine.java:2465)
	at picocli.CommandLine$RunLast.handle(CommandLine.java:2457)
	at picocli.CommandLine$RunLast.handle(CommandLine.java:2419)
	at picocli.CommandLine$AbstractParseResultHandler.execute(CommandLine.java:2277)
	at picocli.CommandLine$RunLast.execute(CommandLine.java:2421)
	at picocli.CommandLine.execute(CommandLine.java:2174)
	at hr.pbf.digestdb.DigestedApp.main(DigestedApp.java:123)
08:12:43.224 INFO  hr.pbf.digestdb.SearchWeb:415 - Server stopped and resources released
08:12:43.224 INFO  hr.pbf.digestdb.DigestedApp:124 - Fininsh, exiting with code 0
08:12:43.224 INFO  hr.pbf.digestdb.DigestedApp:120 - Application is shutting down, possibly due to SIGINT
19:52:05.061 DEBUG hr.pbf.digestdb.SearchWeb:53 - Start web on port: 7071 db dir: /home/tag/IdeaProjects/DigestedProteinDB/misc/db/trembl/rocksdb_mass.db
19:52:05.063 INFO  hr.pbf.digestdb.SearchWeb:57 - Initializing database...
19:52:11.611 INFO  hr.pbf.digestdb.SearchWeb:61 - Database initialized in 6548 ms
19:52:11.693 INFO  hr.pbf.digestdb.SearchWeb:84 - Web started on http://localhost:7071
20:01:51.254 INFO  hr.pbf.digestdb.DigestedApp:120 - Application is shutting down, possibly due to SIGINT
20:01:51.255 INFO  hr.pbf.digestdb.SearchWeb:415 - Server stopped and resources released
