21:00:51.812 DEBUG h.p.d.util.BinaryPeptideDbUtilTest:59 - String length: 20000
21:00:51.817 DEBUG h.p.d.util.BinaryPeptideDbUtilTest:61 - Bytes length: 8979
21:00:51.818 INFO  h.p.d.util.BinaryPeptideDbUtilTest:68 - Find acc 1
21:00:51.820 DEBUG h.p.d.util.BinaryPeptideDbUtilTest:40 - Length of 0 buffer: 1
21:00:51.821 DEBUG h.p.d.util.BinaryPeptideDbUtilTest:40 - Length of 1 buffer: 1
21:00:51.821 DEBUG h.p.d.util.BinaryPeptideDbUtilTest:40 - Length of 2 buffer: 1
21:00:51.821 DEBUG h.p.d.util.BinaryPeptideDbUtilTest:40 - Length of 3 buffer: 1
21:00:51.821 DEBUG h.p.d.util.BinaryPeptideDbUtilTest:40 - Length of 4 buffer: 1
21:00:51.821 DEBUG h.p.d.util.BinaryPeptideDbUtilTest:40 - Length of 5 buffer: 1
21:00:51.821 DEBUG h.p.d.util.BinaryPeptideDbUtilTest:40 - Length of 6 buffer: 1
21:00:51.821 DEBUG h.p.d.util.BinaryPeptideDbUtilTest:40 - Length of 7 buffer: 1
21:00:51.821 DEBUG h.p.d.util.BinaryPeptideDbUtilTest:40 - Length of 8 buffer: 1
21:00:51.822 DEBUG h.p.d.util.BinaryPeptideDbUtilTest:40 - Length of 9 buffer: 1
21:00:51.822 DEBUG h.p.d.util.BinaryPeptideDbUtilTest:40 - Length of 10 buffer: 1
21:00:51.822 DEBUG h.p.d.util.BinaryPeptideDbUtilTest:40 - Length of 11 buffer: 1
21:00:51.822 DEBUG h.p.d.util.BinaryPeptideDbUtilTest:40 - Length of 12 buffer: 1
21:00:51.822 DEBUG h.p.d.util.BinaryPeptideDbUtilTest:40 - Length of 13 buffer: 1
21:00:51.822 DEBUG h.p.d.util.BinaryPeptideDbUtilTest:40 - Length of 14 buffer: 1
21:00:51.822 DEBUG h.p.d.util.BinaryPeptideDbUtilTest:40 - Length of 15 buffer: 1
21:00:51.822 DEBUG h.p.d.util.BinaryPeptideDbUtilTest:40 - Length of 16 buffer: 1
21:00:51.823 DEBUG h.p.d.util.BinaryPeptideDbUtilTest:40 - Length of 17 buffer: 1
21:00:51.823 DEBUG h.p.d.util.BinaryPeptideDbUtilTest:40 - Length of 18 buffer: 1
21:00:51.823 DEBUG h.p.d.util.BinaryPeptideDbUtilTest:40 - Length of 19 buffer: 1
21:00:51.823 DEBUG h.p.d.util.BinaryPeptideDbUtilTest:40 - Length of 20 buffer: 1
21:00:51.823 DEBUG h.p.d.util.BinaryPeptideDbUtilTest:40 - Length of 21 buffer: 1
21:00:51.823 DEBUG h.p.d.util.BinaryPeptideDbUtilTest:40 - Length of 42 buffer: 1
21:00:51.823 DEBUG h.p.d.util.BinaryPeptideDbUtilTest:40 - Length of 63 buffer: 1
21:00:51.823 DEBUG h.p.d.util.BinaryPeptideDbUtilTest:40 - Length of 84 buffer: 1
21:00:51.824 DEBUG h.p.d.util.BinaryPeptideDbUtilTest:40 - Length of 205 buffer: 2
21:00:51.824 DEBUG h.p.d.util.BinaryPeptideDbUtilTest:40 - Length of 326 buffer: 2
21:00:51.824 DEBUG h.p.d.util.BinaryPeptideDbUtilTest:40 - Length of 447 buffer: 2
21:00:51.824 DEBUG h.p.d.util.BinaryPeptideDbUtilTest:40 - Length of 568 buffer: 2
21:00:51.824 DEBUG h.p.d.util.BinaryPeptideDbUtilTest:40 - Length of 689 buffer: 2
21:00:51.824 DEBUG h.p.d.util.BinaryPeptideDbUtilTest:40 - Length of 810 buffer: 2
21:00:51.824 DEBUG h.p.d.util.BinaryPeptideDbUtilTest:40 - Length of 931 buffer: 2
21:00:51.825 DEBUG h.p.d.util.BinaryPeptideDbUtilTest:40 - Length of 1052 buffer: 2
21:00:51.825 DEBUG h.p.d.util.BinaryPeptideDbUtilTest:40 - Length of 1173 buffer: 2
21:00:51.825 DEBUG h.p.d.util.BinaryPeptideDbUtilTest:40 - Length of 1294 buffer: 2
21:00:51.825 DEBUG h.p.d.util.BinaryPeptideDbUtilTest:40 - Length of 1415 buffer: 2
21:00:51.825 DEBUG h.p.d.util.BinaryPeptideDbUtilTest:40 - Length of 1536 buffer: 2
21:00:51.825 DEBUG h.p.d.util.BinaryPeptideDbUtilTest:40 - Length of 1657 buffer: 2
21:00:51.825 DEBUG h.p.d.util.BinaryPeptideDbUtilTest:40 - Length of 1778 buffer: 2
21:00:51.825 DEBUG h.p.d.util.BinaryPeptideDbUtilTest:40 - Length of 1899 buffer: 2
21:00:51.826 DEBUG h.p.d.util.BinaryPeptideDbUtilTest:40 - Length of 2020 buffer: 2
21:00:51.826 DEBUG h.p.d.util.BinaryPeptideDbUtilTest:40 - Length of 2141 buffer: 2
21:00:51.826 DEBUG h.p.d.util.BinaryPeptideDbUtilTest:40 - Length of 2262 buffer: 2
21:00:51.826 DEBUG h.p.d.util.BinaryPeptideDbUtilTest:40 - Length of 2383 buffer: 2
21:00:51.826 DEBUG h.p.d.util.BinaryPeptideDbUtilTest:40 - Length of 2504 buffer: 2
21:00:51.826 DEBUG h.p.d.util.BinaryPeptideDbUtilTest:40 - Length of 2625 buffer: 2
21:00:51.826 DEBUG h.p.d.util.BinaryPeptideDbUtilTest:40 - Length of 2746 buffer: 2
21:00:51.826 DEBUG h.p.d.util.BinaryPeptideDbUtilTest:40 - Length of 2867 buffer: 2
21:00:51.826 DEBUG h.p.d.util.BinaryPeptideDbUtilTest:40 - Length of 2988 buffer: 2
21:00:51.827 DEBUG h.p.d.util.BinaryPeptideDbUtilTest:40 - Length of 3109 buffer: 2
21:00:51.827 DEBUG h.p.d.util.BinaryPeptideDbUtilTest:40 - Length of 3230 buffer: 2
21:00:51.827 DEBUG h.p.d.util.BinaryPeptideDbUtilTest:40 - Length of 3351 buffer: 2
21:00:51.827 DEBUG h.p.d.util.BinaryPeptideDbUtilTest:40 - Length of 3472 buffer: 2
21:00:51.827 DEBUG h.p.d.util.BinaryPeptideDbUtilTest:40 - Length of 3593 buffer: 2
21:00:51.827 DEBUG h.p.d.util.BinaryPeptideDbUtilTest:40 - Length of 3714 buffer: 2
21:00:51.828 DEBUG h.p.d.util.BinaryPeptideDbUtilTest:40 - Length of 3835 buffer: 2
21:00:51.828 DEBUG h.p.d.util.BinaryPeptideDbUtilTest:40 - Length of 3956 buffer: 2
21:00:51.828 DEBUG h.p.d.util.BinaryPeptideDbUtilTest:40 - Length of 4077 buffer: 2
21:00:51.828 DEBUG h.p.d.util.BinaryPeptideDbUtilTest:40 - Length of 4198 buffer: 2
21:00:51.828 DEBUG h.p.d.util.BinaryPeptideDbUtilTest:40 - Length of 4319 buffer: 2
21:00:51.828 DEBUG h.p.d.util.BinaryPeptideDbUtilTest:40 - Length of 4440 buffer: 2
21:00:51.828 DEBUG h.p.d.util.BinaryPeptideDbUtilTest:40 - Length of 4561 buffer: 2
21:00:51.829 DEBUG h.p.d.util.BinaryPeptideDbUtilTest:40 - Length of 4682 buffer: 2
21:00:51.829 DEBUG h.p.d.util.BinaryPeptideDbUtilTest:40 - Length of 4803 buffer: 2
21:00:51.829 DEBUG h.p.d.util.BinaryPeptideDbUtilTest:40 - Length of 4924 buffer: 2
21:00:51.829 DEBUG h.p.d.util.BinaryPeptideDbUtilTest:40 - Length of 5045 buffer: 2
21:00:51.829 DEBUG h.p.d.util.BinaryPeptideDbUtilTest:40 - Length of 5166 buffer: 2
21:00:51.829 DEBUG h.p.d.util.BinaryPeptideDbUtilTest:40 - Length of 5287 buffer: 2
21:00:51.829 DEBUG h.p.d.util.BinaryPeptideDbUtilTest:40 - Length of 5408 buffer: 2
21:00:51.829 DEBUG h.p.d.util.BinaryPeptideDbUtilTest:40 - Length of 5529 buffer: 2
21:00:51.829 DEBUG h.p.d.util.BinaryPeptideDbUtilTest:40 - Length of 5650 buffer: 2
21:00:51.830 DEBUG h.p.d.util.BinaryPeptideDbUtilTest:40 - Length of 5771 buffer: 2
21:00:51.830 DEBUG h.p.d.util.BinaryPeptideDbUtilTest:40 - Length of 5892 buffer: 2
21:00:51.830 DEBUG h.p.d.util.BinaryPeptideDbUtilTest:40 - Length of 6013 buffer: 2
21:00:51.830 DEBUG h.p.d.util.BinaryPeptideDbUtilTest:40 - Length of 6134 buffer: 2
21:00:51.830 DEBUG h.p.d.util.BinaryPeptideDbUtilTest:40 - Length of 6255 buffer: 2
21:00:51.830 DEBUG h.p.d.util.BinaryPeptideDbUtilTest:40 - Length of 6376 buffer: 2
21:00:51.830 DEBUG h.p.d.util.BinaryPeptideDbUtilTest:40 - Length of 6497 buffer: 2
21:00:51.830 DEBUG h.p.d.util.BinaryPeptideDbUtilTest:40 - Length of 6618 buffer: 2
21:00:51.830 DEBUG h.p.d.util.BinaryPeptideDbUtilTest:40 - Length of 6739 buffer: 2
21:00:51.830 DEBUG h.p.d.util.BinaryPeptideDbUtilTest:40 - Length of 6860 buffer: 2
21:00:51.830 DEBUG h.p.d.util.BinaryPeptideDbUtilTest:40 - Length of 6981 buffer: 2
21:00:51.831 DEBUG h.p.d.util.BinaryPeptideDbUtilTest:40 - Length of 7102 buffer: 2
21:00:51.831 DEBUG h.p.d.util.BinaryPeptideDbUtilTest:40 - Length of 7223 buffer: 2
21:00:51.831 DEBUG h.p.d.util.BinaryPeptideDbUtilTest:40 - Length of 7344 buffer: 2
21:00:51.831 DEBUG h.p.d.util.BinaryPeptideDbUtilTest:40 - Length of 7465 buffer: 2
21:00:51.831 DEBUG h.p.d.util.BinaryPeptideDbUtilTest:40 - Length of 7586 buffer: 2
21:00:51.831 DEBUG h.p.d.util.BinaryPeptideDbUtilTest:40 - Length of 7707 buffer: 2
21:00:51.831 DEBUG h.p.d.util.BinaryPeptideDbUtilTest:40 - Length of 7828 buffer: 2
21:00:51.832 DEBUG h.p.d.util.BinaryPeptideDbUtilTest:40 - Length of 7949 buffer: 2
21:00:51.832 DEBUG h.p.d.util.BinaryPeptideDbUtilTest:40 - Length of 8070 buffer: 2
21:00:51.832 DEBUG h.p.d.util.BinaryPeptideDbUtilTest:40 - Length of 8191 buffer: 2
21:00:51.832 DEBUG h.p.d.util.BinaryPeptideDbUtilTest:40 - Length of 8312 buffer: 2
21:00:51.832 DEBUG h.p.d.util.BinaryPeptideDbUtilTest:40 - Length of 8433 buffer: 2
21:00:51.832 DEBUG h.p.d.util.BinaryPeptideDbUtilTest:40 - Length of 8554 buffer: 2
21:00:51.832 DEBUG h.p.d.util.BinaryPeptideDbUtilTest:40 - Length of 8675 buffer: 2
21:00:51.832 DEBUG h.p.d.util.BinaryPeptideDbUtilTest:40 - Length of 8796 buffer: 2
21:00:51.833 DEBUG h.p.d.util.BinaryPeptideDbUtilTest:40 - Length of 8917 buffer: 2
21:00:51.833 DEBUG h.p.d.util.BinaryPeptideDbUtilTest:40 - Length of 9038 buffer: 2
21:00:51.833 DEBUG h.p.d.util.BinaryPeptideDbUtilTest:40 - Length of 9159 buffer: 2
21:00:51.833 DEBUG h.p.d.util.BinaryPeptideDbUtilTest:40 - Length of 9280 buffer: 2
21:00:51.833 DEBUG h.p.d.util.BinaryPeptideDbUtilTest:40 - Length of 9401 buffer: 2
21:00:51.833 DEBUG h.p.d.util.BinaryPeptideDbUtilTest:40 - Length of 9522 buffer: 2
21:00:51.833 DEBUG h.p.d.util.BinaryPeptideDbUtilTest:40 - Length of 9643 buffer: 2
21:00:51.834 DEBUG h.p.d.util.BinaryPeptideDbUtilTest:40 - Length of 9764 buffer: 2
21:00:51.834 DEBUG h.p.d.util.BinaryPeptideDbUtilTest:40 - Length of 9885 buffer: 2
21:00:51.834 DEBUG h.p.d.util.BinaryPeptideDbUtilTest:40 - Length of 10006 buffer: 2
21:00:51.834 DEBUG h.p.d.util.BinaryPeptideDbUtilTest:40 - Length of 10127 buffer: 2
21:00:51.834 DEBUG h.p.d.util.BinaryPeptideDbUtilTest:40 - Length of 10248 buffer: 2
21:00:51.834 DEBUG h.p.d.util.BinaryPeptideDbUtilTest:40 - Length of 10369 buffer: 2
21:00:51.834 DEBUG h.p.d.util.BinaryPeptideDbUtilTest:40 - Length of 10490 buffer: 2
21:00:51.834 DEBUG h.p.d.util.BinaryPeptideDbUtilTest:40 - Length of 10611 buffer: 2
21:00:51.834 DEBUG h.p.d.util.BinaryPeptideDbUtilTest:40 - Length of 10732 buffer: 2
21:00:51.834 DEBUG h.p.d.util.BinaryPeptideDbUtilTest:40 - Length of 10853 buffer: 2
21:00:51.835 DEBUG h.p.d.util.BinaryPeptideDbUtilTest:40 - Length of 10974 buffer: 2
21:00:51.835 DEBUG h.p.d.util.BinaryPeptideDbUtilTest:40 - Length of 11095 buffer: 2
21:00:51.835 DEBUG h.p.d.util.BinaryPeptideDbUtilTest:40 - Length of 11216 buffer: 2
21:00:51.835 DEBUG h.p.d.util.BinaryPeptideDbUtilTest:40 - Length of 11337 buffer: 2
21:00:51.835 DEBUG h.p.d.util.BinaryPeptideDbUtilTest:40 - Length of 11458 buffer: 2
21:00:51.835 DEBUG h.p.d.util.BinaryPeptideDbUtilTest:40 - Length of 11579 buffer: 2
21:00:51.835 DEBUG h.p.d.util.BinaryPeptideDbUtilTest:40 - Length of 11700 buffer: 2
21:00:51.835 DEBUG h.p.d.util.BinaryPeptideDbUtilTest:40 - Length of 11821 buffer: 2
21:00:51.835 DEBUG h.p.d.util.BinaryPeptideDbUtilTest:40 - Length of 11942 buffer: 2
21:00:51.836 DEBUG h.p.d.util.BinaryPeptideDbUtilTest:40 - Length of 12063 buffer: 2
21:00:51.836 DEBUG h.p.d.util.BinaryPeptideDbUtilTest:40 - Length of 12184 buffer: 2
21:00:51.836 DEBUG h.p.d.util.BinaryPeptideDbUtilTest:40 - Length of 12305 buffer: 2
21:00:51.836 DEBUG h.p.d.util.BinaryPeptideDbUtilTest:40 - Length of 12426 buffer: 2
21:00:51.836 DEBUG h.p.d.util.BinaryPeptideDbUtilTest:40 - Length of 12547 buffer: 2
21:00:51.836 DEBUG h.p.d.util.BinaryPeptideDbUtilTest:40 - Length of 12668 buffer: 2
21:00:51.837 DEBUG h.p.d.util.BinaryPeptideDbUtilTest:40 - Length of 12789 buffer: 2
21:00:51.837 DEBUG h.p.d.util.BinaryPeptideDbUtilTest:40 - Length of 12910 buffer: 2
21:00:51.837 DEBUG h.p.d.util.BinaryPeptideDbUtilTest:40 - Length of 13031 buffer: 2
21:00:51.837 DEBUG h.p.d.util.BinaryPeptideDbUtilTest:40 - Length of 13152 buffer: 2
21:00:51.837 DEBUG h.p.d.util.BinaryPeptideDbUtilTest:40 - Length of 13273 buffer: 2
21:00:51.837 DEBUG h.p.d.util.BinaryPeptideDbUtilTest:40 - Length of 13394 buffer: 2
21:00:51.837 DEBUG h.p.d.util.BinaryPeptideDbUtilTest:40 - Length of 13515 buffer: 2
21:00:51.837 DEBUG h.p.d.util.BinaryPeptideDbUtilTest:40 - Length of 13636 buffer: 2
21:00:51.838 DEBUG h.p.d.util.BinaryPeptideDbUtilTest:40 - Length of 13757 buffer: 2
21:00:51.838 DEBUG h.p.d.util.BinaryPeptideDbUtilTest:40 - Length of 13878 buffer: 2
21:00:51.838 DEBUG h.p.d.util.BinaryPeptideDbUtilTest:40 - Length of 13999 buffer: 2
21:00:51.838 DEBUG h.p.d.util.BinaryPeptideDbUtilTest:40 - Length of 14120 buffer: 2
21:00:51.838 DEBUG h.p.d.util.BinaryPeptideDbUtilTest:40 - Length of 14241 buffer: 2
21:00:51.838 DEBUG h.p.d.util.BinaryPeptideDbUtilTest:40 - Length of 14362 buffer: 2
21:00:51.838 DEBUG h.p.d.util.BinaryPeptideDbUtilTest:40 - Length of 14483 buffer: 2
21:00:51.839 DEBUG h.p.d.util.BinaryPeptideDbUtilTest:40 - Length of 14604 buffer: 2
21:00:51.839 DEBUG h.p.d.util.BinaryPeptideDbUtilTest:40 - Length of 14725 buffer: 2
21:00:51.839 DEBUG h.p.d.util.BinaryPeptideDbUtilTest:40 - Length of 14846 buffer: 2
21:00:51.839 DEBUG h.p.d.util.BinaryPeptideDbUtilTest:40 - Length of 14967 buffer: 2
21:00:51.839 DEBUG h.p.d.util.BinaryPeptideDbUtilTest:40 - Length of 15088 buffer: 2
21:00:51.839 DEBUG h.p.d.util.BinaryPeptideDbUtilTest:40 - Length of 15209 buffer: 2
21:00:51.839 DEBUG h.p.d.util.BinaryPeptideDbUtilTest:40 - Length of 15330 buffer: 2
21:00:51.839 DEBUG h.p.d.util.BinaryPeptideDbUtilTest:40 - Length of 15451 buffer: 2
21:00:51.839 DEBUG h.p.d.util.BinaryPeptideDbUtilTest:40 - Length of 15572 buffer: 2
21:00:51.840 DEBUG h.p.d.util.BinaryPeptideDbUtilTest:40 - Length of 15693 buffer: 2
21:00:51.840 DEBUG h.p.d.util.BinaryPeptideDbUtilTest:40 - Length of 15814 buffer: 2
21:00:51.840 DEBUG h.p.d.util.BinaryPeptideDbUtilTest:40 - Length of 15935 buffer: 2
21:00:51.840 DEBUG h.p.d.util.BinaryPeptideDbUtilTest:40 - Length of 16056 buffer: 2
21:00:51.840 DEBUG h.p.d.util.BinaryPeptideDbUtilTest:40 - Length of 16177 buffer: 2
21:00:51.840 DEBUG h.p.d.util.BinaryPeptideDbUtilTest:40 - Length of 16298 buffer: 2
21:00:51.840 DEBUG h.p.d.util.BinaryPeptideDbUtilTest:40 - Length of 16419 buffer: 3
21:00:51.840 DEBUG h.p.d.util.BinaryPeptideDbUtilTest:40 - Length of 16540 buffer: 3
21:00:51.840 DEBUG h.p.d.util.BinaryPeptideDbUtilTest:40 - Length of 16661 buffer: 3
21:00:51.840 DEBUG h.p.d.util.BinaryPeptideDbUtilTest:40 - Length of 16782 buffer: 3
21:00:51.840 DEBUG h.p.d.util.BinaryPeptideDbUtilTest:40 - Length of 16903 buffer: 3
21:00:51.841 DEBUG h.p.d.util.BinaryPeptideDbUtilTest:40 - Length of 17024 buffer: 3
21:00:51.841 DEBUG h.p.d.util.BinaryPeptideDbUtilTest:40 - Length of 17145 buffer: 3
21:00:51.841 DEBUG h.p.d.util.BinaryPeptideDbUtilTest:40 - Length of 17266 buffer: 3
21:00:51.841 DEBUG h.p.d.util.BinaryPeptideDbUtilTest:40 - Length of 17387 buffer: 3
21:00:51.841 DEBUG h.p.d.util.BinaryPeptideDbUtilTest:40 - Length of 17508 buffer: 3
21:00:51.841 DEBUG h.p.d.util.BinaryPeptideDbUtilTest:40 - Length of 17629 buffer: 3
21:00:51.841 DEBUG h.p.d.util.BinaryPeptideDbUtilTest:40 - Length of 17750 buffer: 3
21:00:51.841 DEBUG h.p.d.util.BinaryPeptideDbUtilTest:40 - Length of 17871 buffer: 3
21:00:51.841 DEBUG h.p.d.util.BinaryPeptideDbUtilTest:40 - Length of 17992 buffer: 3
21:00:51.841 DEBUG h.p.d.util.BinaryPeptideDbUtilTest:40 - Length of 18113 buffer: 3
21:00:51.841 DEBUG h.p.d.util.BinaryPeptideDbUtilTest:40 - Length of 18234 buffer: 3
21:00:51.842 DEBUG h.p.d.util.BinaryPeptideDbUtilTest:40 - Length of 18355 buffer: 3
21:00:51.842 DEBUG h.p.d.util.BinaryPeptideDbUtilTest:40 - Length of 18476 buffer: 3
21:00:51.842 DEBUG h.p.d.util.BinaryPeptideDbUtilTest:40 - Length of 18597 buffer: 3
21:00:51.842 DEBUG h.p.d.util.BinaryPeptideDbUtilTest:40 - Length of 18718 buffer: 3
21:00:51.842 DEBUG h.p.d.util.BinaryPeptideDbUtilTest:40 - Length of 18839 buffer: 3
21:00:51.842 DEBUG h.p.d.util.BinaryPeptideDbUtilTest:40 - Length of 18960 buffer: 3
21:00:51.842 DEBUG h.p.d.util.BinaryPeptideDbUtilTest:40 - Length of 19081 buffer: 3
21:00:51.842 DEBUG h.p.d.util.BinaryPeptideDbUtilTest:40 - Length of 19202 buffer: 3
21:00:51.842 DEBUG h.p.d.util.BinaryPeptideDbUtilTest:40 - Length of 19323 buffer: 3
21:00:51.842 DEBUG h.p.d.util.BinaryPeptideDbUtilTest:40 - Length of 19444 buffer: 3
21:00:51.843 DEBUG h.p.d.util.BinaryPeptideDbUtilTest:40 - Length of 19565 buffer: 3
21:00:51.843 DEBUG h.p.d.util.BinaryPeptideDbUtilTest:40 - Length of 19686 buffer: 3
21:00:51.843 DEBUG h.p.d.util.BinaryPeptideDbUtilTest:40 - Length of 19807 buffer: 3
21:00:51.843 DEBUG h.p.d.util.BinaryPeptideDbUtilTest:40 - Length of 19928 buffer: 3
21:00:51.844 DEBUG h.p.d.util.BinaryPeptideDbUtilTest:93 - String length: 38
21:00:51.845 DEBUG h.p.d.util.BinaryPeptideDbUtilTest:95 - Bytes length: 29
21:00:52.040 DEBUG h.pbf.digestdb.db.AccessionDbCreator:32 - Start creating accession DB from: /tmp/accession_db_test6525168650296317226.csv and write DB to: /tmp/accession_db_test6525168650296317226.csv.db
21:00:52.074 DEBUG hr.pbf.digestdb.db.AccessionDbTest:61 - Deleting files.
21:00:52.082 DEBUG h.pbf.digestdb.db.MassRocksDbCreator:55 - Start creating RocksDB from CSV file: /tmp/mass_db_test6840021885557834162.csv and write DB to: /tmp/mass_db_test6840021885557834162.csv.db
21:00:52.206 DEBUG h.pbf.digestdb.db.MassRocksDbCreator:90 - RocksDB created successfully with 19 masses.
21:00:52.207 DEBUG h.pbf.digestdb.db.MassRocksDbCreator:93 - RocksDB directory size: 29 KB bytes
21:00:52.207 DEBUG hr.pbf.digestdb.db.MassRocksDbTest:61 - db created: /tmp/mass_db_test6840021885557834162.csv.db
21:00:52.214 DEBUG hr.pbf.digestdb.db.MassRocksDbTest:104 - seq: GAGAGGR acc: [34]
21:00:52.214 DEBUG hr.pbf.digestdb.db.MassRocksDbTest:104 - seq: AAGGGGR acc: [33]
21:00:52.214 DEBUG hr.pbf.digestdb.db.MassRocksDbTest:104 - seq: RAGGGAG acc: [35]
21:08:02.948 DEBUG h.p.d.util.BinaryPeptideDbUtilTest:59 - String length: 20000
21:08:02.962 DEBUG h.p.d.util.BinaryPeptideDbUtilTest:61 - Bytes length: 8979
21:08:02.963 INFO  h.p.d.util.BinaryPeptideDbUtilTest:68 - Find acc 1
21:08:02.965 DEBUG h.p.d.util.BinaryPeptideDbUtilTest:40 - Length of 0 buffer: 1
21:08:02.965 DEBUG h.p.d.util.BinaryPeptideDbUtilTest:40 - Length of 1 buffer: 1
21:08:02.965 DEBUG h.p.d.util.BinaryPeptideDbUtilTest:40 - Length of 2 buffer: 1
21:08:02.965 DEBUG h.p.d.util.BinaryPeptideDbUtilTest:40 - Length of 3 buffer: 1
21:08:02.965 DEBUG h.p.d.util.BinaryPeptideDbUtilTest:40 - Length of 4 buffer: 1
21:08:02.965 DEBUG h.p.d.util.BinaryPeptideDbUtilTest:40 - Length of 5 buffer: 1
21:08:02.965 DEBUG h.p.d.util.BinaryPeptideDbUtilTest:40 - Length of 6 buffer: 1
21:08:02.965 DEBUG h.p.d.util.BinaryPeptideDbUtilTest:40 - Length of 7 buffer: 1
21:08:02.965 DEBUG h.p.d.util.BinaryPeptideDbUtilTest:40 - Length of 8 buffer: 1
21:08:02.966 DEBUG h.p.d.util.BinaryPeptideDbUtilTest:40 - Length of 9 buffer: 1
21:08:02.966 DEBUG h.p.d.util.BinaryPeptideDbUtilTest:40 - Length of 10 buffer: 1
21:08:02.966 DEBUG h.p.d.util.BinaryPeptideDbUtilTest:40 - Length of 11 buffer: 1
21:08:02.966 DEBUG h.p.d.util.BinaryPeptideDbUtilTest:40 - Length of 12 buffer: 1
21:08:02.966 DEBUG h.p.d.util.BinaryPeptideDbUtilTest:40 - Length of 13 buffer: 1
21:08:02.966 DEBUG h.p.d.util.BinaryPeptideDbUtilTest:40 - Length of 14 buffer: 1
21:08:02.966 DEBUG h.p.d.util.BinaryPeptideDbUtilTest:40 - Length of 15 buffer: 1
21:08:02.966 DEBUG h.p.d.util.BinaryPeptideDbUtilTest:40 - Length of 16 buffer: 1
21:08:02.966 DEBUG h.p.d.util.BinaryPeptideDbUtilTest:40 - Length of 17 buffer: 1
21:08:02.967 DEBUG h.p.d.util.BinaryPeptideDbUtilTest:40 - Length of 18 buffer: 1
21:08:02.967 DEBUG h.p.d.util.BinaryPeptideDbUtilTest:40 - Length of 19 buffer: 1
21:08:02.967 DEBUG h.p.d.util.BinaryPeptideDbUtilTest:40 - Length of 20 buffer: 1
21:08:02.967 DEBUG h.p.d.util.BinaryPeptideDbUtilTest:40 - Length of 21 buffer: 1
21:08:02.967 DEBUG h.p.d.util.BinaryPeptideDbUtilTest:40 - Length of 42 buffer: 1
21:08:02.967 DEBUG h.p.d.util.BinaryPeptideDbUtilTest:40 - Length of 63 buffer: 1
21:08:02.967 DEBUG h.p.d.util.BinaryPeptideDbUtilTest:40 - Length of 84 buffer: 1
21:08:02.967 DEBUG h.p.d.util.BinaryPeptideDbUtilTest:40 - Length of 205 buffer: 2
21:08:02.967 DEBUG h.p.d.util.BinaryPeptideDbUtilTest:40 - Length of 326 buffer: 2
21:08:02.968 DEBUG h.p.d.util.BinaryPeptideDbUtilTest:40 - Length of 447 buffer: 2
21:08:02.968 DEBUG h.p.d.util.BinaryPeptideDbUtilTest:40 - Length of 568 buffer: 2
21:08:02.968 DEBUG h.p.d.util.BinaryPeptideDbUtilTest:40 - Length of 689 buffer: 2
21:08:02.968 DEBUG h.p.d.util.BinaryPeptideDbUtilTest:40 - Length of 810 buffer: 2
21:08:02.968 DEBUG h.p.d.util.BinaryPeptideDbUtilTest:40 - Length of 931 buffer: 2
21:08:02.968 DEBUG h.p.d.util.BinaryPeptideDbUtilTest:40 - Length of 1052 buffer: 2
21:08:02.968 DEBUG h.p.d.util.BinaryPeptideDbUtilTest:40 - Length of 1173 buffer: 2
21:08:02.968 DEBUG h.p.d.util.BinaryPeptideDbUtilTest:40 - Length of 1294 buffer: 2
21:08:02.968 DEBUG h.p.d.util.BinaryPeptideDbUtilTest:40 - Length of 1415 buffer: 2
21:08:02.968 DEBUG h.p.d.util.BinaryPeptideDbUtilTest:40 - Length of 1536 buffer: 2
21:08:02.968 DEBUG h.p.d.util.BinaryPeptideDbUtilTest:40 - Length of 1657 buffer: 2
21:08:02.968 DEBUG h.p.d.util.BinaryPeptideDbUtilTest:40 - Length of 1778 buffer: 2
21:08:02.968 DEBUG h.p.d.util.BinaryPeptideDbUtilTest:40 - Length of 1899 buffer: 2
21:08:02.968 DEBUG h.p.d.util.BinaryPeptideDbUtilTest:40 - Length of 2020 buffer: 2
21:08:02.969 DEBUG h.p.d.util.BinaryPeptideDbUtilTest:40 - Length of 2141 buffer: 2
21:08:02.969 DEBUG h.p.d.util.BinaryPeptideDbUtilTest:40 - Length of 2262 buffer: 2
21:08:02.969 DEBUG h.p.d.util.BinaryPeptideDbUtilTest:40 - Length of 2383 buffer: 2
21:08:02.969 DEBUG h.p.d.util.BinaryPeptideDbUtilTest:40 - Length of 2504 buffer: 2
21:08:02.969 DEBUG h.p.d.util.BinaryPeptideDbUtilTest:40 - Length of 2625 buffer: 2
21:08:02.969 DEBUG h.p.d.util.BinaryPeptideDbUtilTest:40 - Length of 2746 buffer: 2
21:08:02.969 DEBUG h.p.d.util.BinaryPeptideDbUtilTest:40 - Length of 2867 buffer: 2
21:08:02.969 DEBUG h.p.d.util.BinaryPeptideDbUtilTest:40 - Length of 2988 buffer: 2
21:08:02.969 DEBUG h.p.d.util.BinaryPeptideDbUtilTest:40 - Length of 3109 buffer: 2
21:08:02.969 DEBUG h.p.d.util.BinaryPeptideDbUtilTest:40 - Length of 3230 buffer: 2
21:08:02.969 DEBUG h.p.d.util.BinaryPeptideDbUtilTest:40 - Length of 3351 buffer: 2
21:08:02.969 DEBUG h.p.d.util.BinaryPeptideDbUtilTest:40 - Length of 3472 buffer: 2
21:08:02.969 DEBUG h.p.d.util.BinaryPeptideDbUtilTest:40 - Length of 3593 buffer: 2
21:08:02.970 DEBUG h.p.d.util.BinaryPeptideDbUtilTest:40 - Length of 3714 buffer: 2
21:08:02.970 DEBUG h.p.d.util.BinaryPeptideDbUtilTest:40 - Length of 3835 buffer: 2
21:08:02.970 DEBUG h.p.d.util.BinaryPeptideDbUtilTest:40 - Length of 3956 buffer: 2
21:08:02.970 DEBUG h.p.d.util.BinaryPeptideDbUtilTest:40 - Length of 4077 buffer: 2
21:08:02.970 DEBUG h.p.d.util.BinaryPeptideDbUtilTest:40 - Length of 4198 buffer: 2
21:08:02.970 DEBUG h.p.d.util.BinaryPeptideDbUtilTest:40 - Length of 4319 buffer: 2
21:08:02.970 DEBUG h.p.d.util.BinaryPeptideDbUtilTest:40 - Length of 4440 buffer: 2
21:08:02.970 DEBUG h.p.d.util.BinaryPeptideDbUtilTest:40 - Length of 4561 buffer: 2
21:08:02.970 DEBUG h.p.d.util.BinaryPeptideDbUtilTest:40 - Length of 4682 buffer: 2
21:08:02.970 DEBUG h.p.d.util.BinaryPeptideDbUtilTest:40 - Length of 4803 buffer: 2
21:08:02.970 DEBUG h.p.d.util.BinaryPeptideDbUtilTest:40 - Length of 4924 buffer: 2
21:08:02.970 DEBUG h.p.d.util.BinaryPeptideDbUtilTest:40 - Length of 5045 buffer: 2
21:08:02.971 DEBUG h.p.d.util.BinaryPeptideDbUtilTest:40 - Length of 5166 buffer: 2
21:08:02.971 DEBUG h.p.d.util.BinaryPeptideDbUtilTest:40 - Length of 5287 buffer: 2
21:08:02.971 DEBUG h.p.d.util.BinaryPeptideDbUtilTest:40 - Length of 5408 buffer: 2
21:08:02.971 DEBUG h.p.d.util.BinaryPeptideDbUtilTest:40 - Length of 5529 buffer: 2
21:08:02.971 DEBUG h.p.d.util.BinaryPeptideDbUtilTest:40 - Length of 5650 buffer: 2
21:08:02.971 DEBUG h.p.d.util.BinaryPeptideDbUtilTest:40 - Length of 5771 buffer: 2
21:08:02.971 DEBUG h.p.d.util.BinaryPeptideDbUtilTest:40 - Length of 5892 buffer: 2
21:08:02.971 DEBUG h.p.d.util.BinaryPeptideDbUtilTest:40 - Length of 6013 buffer: 2
21:08:02.971 DEBUG h.p.d.util.BinaryPeptideDbUtilTest:40 - Length of 6134 buffer: 2
21:08:02.971 DEBUG h.p.d.util.BinaryPeptideDbUtilTest:40 - Length of 6255 buffer: 2
21:08:02.971 DEBUG h.p.d.util.BinaryPeptideDbUtilTest:40 - Length of 6376 buffer: 2
21:08:02.971 DEBUG h.p.d.util.BinaryPeptideDbUtilTest:40 - Length of 6497 buffer: 2
21:08:02.971 DEBUG h.p.d.util.BinaryPeptideDbUtilTest:40 - Length of 6618 buffer: 2
21:08:02.971 DEBUG h.p.d.util.BinaryPeptideDbUtilTest:40 - Length of 6739 buffer: 2
21:08:02.972 DEBUG h.p.d.util.BinaryPeptideDbUtilTest:40 - Length of 6860 buffer: 2
21:08:02.972 DEBUG h.p.d.util.BinaryPeptideDbUtilTest:40 - Length of 6981 buffer: 2
21:08:02.972 DEBUG h.p.d.util.BinaryPeptideDbUtilTest:40 - Length of 7102 buffer: 2
21:08:02.972 DEBUG h.p.d.util.BinaryPeptideDbUtilTest:40 - Length of 7223 buffer: 2
21:08:02.972 DEBUG h.p.d.util.BinaryPeptideDbUtilTest:40 - Length of 7344 buffer: 2
21:08:02.972 DEBUG h.p.d.util.BinaryPeptideDbUtilTest:40 - Length of 7465 buffer: 2
21:08:02.972 DEBUG h.p.d.util.BinaryPeptideDbUtilTest:40 - Length of 7586 buffer: 2
21:08:02.972 DEBUG h.p.d.util.BinaryPeptideDbUtilTest:40 - Length of 7707 buffer: 2
21:08:02.972 DEBUG h.p.d.util.BinaryPeptideDbUtilTest:40 - Length of 7828 buffer: 2
21:08:02.972 DEBUG h.p.d.util.BinaryPeptideDbUtilTest:40 - Length of 7949 buffer: 2
21:08:02.972 DEBUG h.p.d.util.BinaryPeptideDbUtilTest:40 - Length of 8070 buffer: 2
21:08:02.972 DEBUG h.p.d.util.BinaryPeptideDbUtilTest:40 - Length of 8191 buffer: 2
21:08:02.972 DEBUG h.p.d.util.BinaryPeptideDbUtilTest:40 - Length of 8312 buffer: 2
21:08:02.972 DEBUG h.p.d.util.BinaryPeptideDbUtilTest:40 - Length of 8433 buffer: 2
21:08:02.973 DEBUG h.p.d.util.BinaryPeptideDbUtilTest:40 - Length of 8554 buffer: 2
21:08:02.973 DEBUG h.p.d.util.BinaryPeptideDbUtilTest:40 - Length of 8675 buffer: 2
21:08:02.973 DEBUG h.p.d.util.BinaryPeptideDbUtilTest:40 - Length of 8796 buffer: 2
21:08:02.973 DEBUG h.p.d.util.BinaryPeptideDbUtilTest:40 - Length of 8917 buffer: 2
21:08:02.973 DEBUG h.p.d.util.BinaryPeptideDbUtilTest:40 - Length of 9038 buffer: 2
21:08:02.973 DEBUG h.p.d.util.BinaryPeptideDbUtilTest:40 - Length of 9159 buffer: 2
21:08:02.973 DEBUG h.p.d.util.BinaryPeptideDbUtilTest:40 - Length of 9280 buffer: 2
21:08:02.973 DEBUG h.p.d.util.BinaryPeptideDbUtilTest:40 - Length of 9401 buffer: 2
21:08:02.973 DEBUG h.p.d.util.BinaryPeptideDbUtilTest:40 - Length of 9522 buffer: 2
21:08:02.973 DEBUG h.p.d.util.BinaryPeptideDbUtilTest:40 - Length of 9643 buffer: 2
21:08:02.973 DEBUG h.p.d.util.BinaryPeptideDbUtilTest:40 - Length of 9764 buffer: 2
21:08:02.973 DEBUG h.p.d.util.BinaryPeptideDbUtilTest:40 - Length of 9885 buffer: 2
21:08:02.973 DEBUG h.p.d.util.BinaryPeptideDbUtilTest:40 - Length of 10006 buffer: 2
21:08:02.973 DEBUG h.p.d.util.BinaryPeptideDbUtilTest:40 - Length of 10127 buffer: 2
21:08:02.973 DEBUG h.p.d.util.BinaryPeptideDbUtilTest:40 - Length of 10248 buffer: 2
21:08:02.974 DEBUG h.p.d.util.BinaryPeptideDbUtilTest:40 - Length of 10369 buffer: 2
21:08:02.974 DEBUG h.p.d.util.BinaryPeptideDbUtilTest:40 - Length of 10490 buffer: 2
21:08:02.974 DEBUG h.p.d.util.BinaryPeptideDbUtilTest:40 - Length of 10611 buffer: 2
21:08:02.974 DEBUG h.p.d.util.BinaryPeptideDbUtilTest:40 - Length of 10732 buffer: 2
21:08:02.974 DEBUG h.p.d.util.BinaryPeptideDbUtilTest:40 - Length of 10853 buffer: 2
21:08:02.974 DEBUG h.p.d.util.BinaryPeptideDbUtilTest:40 - Length of 10974 buffer: 2
21:08:02.974 DEBUG h.p.d.util.BinaryPeptideDbUtilTest:40 - Length of 11095 buffer: 2
21:08:02.974 DEBUG h.p.d.util.BinaryPeptideDbUtilTest:40 - Length of 11216 buffer: 2
21:08:02.974 DEBUG h.p.d.util.BinaryPeptideDbUtilTest:40 - Length of 11337 buffer: 2
21:08:02.974 DEBUG h.p.d.util.BinaryPeptideDbUtilTest:40 - Length of 11458 buffer: 2
21:08:02.974 DEBUG h.p.d.util.BinaryPeptideDbUtilTest:40 - Length of 11579 buffer: 2
21:08:02.974 DEBUG h.p.d.util.BinaryPeptideDbUtilTest:40 - Length of 11700 buffer: 2
21:08:02.974 DEBUG h.p.d.util.BinaryPeptideDbUtilTest:40 - Length of 11821 buffer: 2
21:08:02.974 DEBUG h.p.d.util.BinaryPeptideDbUtilTest:40 - Length of 11942 buffer: 2
21:08:02.975 DEBUG h.p.d.util.BinaryPeptideDbUtilTest:40 - Length of 12063 buffer: 2
21:08:02.975 DEBUG h.p.d.util.BinaryPeptideDbUtilTest:40 - Length of 12184 buffer: 2
21:08:02.975 DEBUG h.p.d.util.BinaryPeptideDbUtilTest:40 - Length of 12305 buffer: 2
21:08:02.975 DEBUG h.p.d.util.BinaryPeptideDbUtilTest:40 - Length of 12426 buffer: 2
21:08:02.975 DEBUG h.p.d.util.BinaryPeptideDbUtilTest:40 - Length of 12547 buffer: 2
21:08:02.975 DEBUG h.p.d.util.BinaryPeptideDbUtilTest:40 - Length of 12668 buffer: 2
21:08:02.976 DEBUG h.p.d.util.BinaryPeptideDbUtilTest:40 - Length of 12789 buffer: 2
21:08:02.976 DEBUG h.p.d.util.BinaryPeptideDbUtilTest:40 - Length of 12910 buffer: 2
21:08:02.976 DEBUG h.p.d.util.BinaryPeptideDbUtilTest:40 - Length of 13031 buffer: 2
21:08:02.976 DEBUG h.p.d.util.BinaryPeptideDbUtilTest:40 - Length of 13152 buffer: 2
21:08:02.976 DEBUG h.p.d.util.BinaryPeptideDbUtilTest:40 - Length of 13273 buffer: 2
21:08:02.976 DEBUG h.p.d.util.BinaryPeptideDbUtilTest:40 - Length of 13394 buffer: 2
21:08:02.976 DEBUG h.p.d.util.BinaryPeptideDbUtilTest:40 - Length of 13515 buffer: 2
21:08:02.976 DEBUG h.p.d.util.BinaryPeptideDbUtilTest:40 - Length of 13636 buffer: 2
21:08:02.976 DEBUG h.p.d.util.BinaryPeptideDbUtilTest:40 - Length of 13757 buffer: 2
21:08:02.976 DEBUG h.p.d.util.BinaryPeptideDbUtilTest:40 - Length of 13878 buffer: 2
21:08:02.976 DEBUG h.p.d.util.BinaryPeptideDbUtilTest:40 - Length of 13999 buffer: 2
21:08:02.977 DEBUG h.p.d.util.BinaryPeptideDbUtilTest:40 - Length of 14120 buffer: 2
21:08:02.977 DEBUG h.p.d.util.BinaryPeptideDbUtilTest:40 - Length of 14241 buffer: 2
21:08:02.977 DEBUG h.p.d.util.BinaryPeptideDbUtilTest:40 - Length of 14362 buffer: 2
21:08:02.977 DEBUG h.p.d.util.BinaryPeptideDbUtilTest:40 - Length of 14483 buffer: 2
21:08:02.977 DEBUG h.p.d.util.BinaryPeptideDbUtilTest:40 - Length of 14604 buffer: 2
21:08:02.977 DEBUG h.p.d.util.BinaryPeptideDbUtilTest:40 - Length of 14725 buffer: 2
21:08:02.977 DEBUG h.p.d.util.BinaryPeptideDbUtilTest:40 - Length of 14846 buffer: 2
21:08:02.977 DEBUG h.p.d.util.BinaryPeptideDbUtilTest:40 - Length of 14967 buffer: 2
21:08:02.977 DEBUG h.p.d.util.BinaryPeptideDbUtilTest:40 - Length of 15088 buffer: 2
21:08:02.977 DEBUG h.p.d.util.BinaryPeptideDbUtilTest:40 - Length of 15209 buffer: 2
21:08:02.977 DEBUG h.p.d.util.BinaryPeptideDbUtilTest:40 - Length of 15330 buffer: 2
21:08:02.977 DEBUG h.p.d.util.BinaryPeptideDbUtilTest:40 - Length of 15451 buffer: 2
21:08:02.977 DEBUG h.p.d.util.BinaryPeptideDbUtilTest:40 - Length of 15572 buffer: 2
21:08:02.977 DEBUG h.p.d.util.BinaryPeptideDbUtilTest:40 - Length of 15693 buffer: 2
21:08:02.977 DEBUG h.p.d.util.BinaryPeptideDbUtilTest:40 - Length of 15814 buffer: 2
21:08:02.977 DEBUG h.p.d.util.BinaryPeptideDbUtilTest:40 - Length of 15935 buffer: 2
21:08:02.977 DEBUG h.p.d.util.BinaryPeptideDbUtilTest:40 - Length of 16056 buffer: 2
21:08:02.977 DEBUG h.p.d.util.BinaryPeptideDbUtilTest:40 - Length of 16177 buffer: 2
21:08:02.977 DEBUG h.p.d.util.BinaryPeptideDbUtilTest:40 - Length of 16298 buffer: 2
21:08:02.978 DEBUG h.p.d.util.BinaryPeptideDbUtilTest:40 - Length of 16419 buffer: 3
21:08:02.978 DEBUG h.p.d.util.BinaryPeptideDbUtilTest:40 - Length of 16540 buffer: 3
21:08:02.978 DEBUG h.p.d.util.BinaryPeptideDbUtilTest:40 - Length of 16661 buffer: 3
21:08:02.978 DEBUG h.p.d.util.BinaryPeptideDbUtilTest:40 - Length of 16782 buffer: 3
21:08:02.978 DEBUG h.p.d.util.BinaryPeptideDbUtilTest:40 - Length of 16903 buffer: 3
21:08:02.978 DEBUG h.p.d.util.BinaryPeptideDbUtilTest:40 - Length of 17024 buffer: 3
21:08:02.978 DEBUG h.p.d.util.BinaryPeptideDbUtilTest:40 - Length of 17145 buffer: 3
21:08:02.978 DEBUG h.p.d.util.BinaryPeptideDbUtilTest:40 - Length of 17266 buffer: 3
21:08:02.978 DEBUG h.p.d.util.BinaryPeptideDbUtilTest:40 - Length of 17387 buffer: 3
21:08:02.978 DEBUG h.p.d.util.BinaryPeptideDbUtilTest:40 - Length of 17508 buffer: 3
21:08:02.978 DEBUG h.p.d.util.BinaryPeptideDbUtilTest:40 - Length of 17629 buffer: 3
21:08:02.978 DEBUG h.p.d.util.BinaryPeptideDbUtilTest:40 - Length of 17750 buffer: 3
21:08:02.978 DEBUG h.p.d.util.BinaryPeptideDbUtilTest:40 - Length of 17871 buffer: 3
21:08:02.978 DEBUG h.p.d.util.BinaryPeptideDbUtilTest:40 - Length of 17992 buffer: 3
21:08:02.978 DEBUG h.p.d.util.BinaryPeptideDbUtilTest:40 - Length of 18113 buffer: 3
21:08:02.978 DEBUG h.p.d.util.BinaryPeptideDbUtilTest:40 - Length of 18234 buffer: 3
21:08:02.978 DEBUG h.p.d.util.BinaryPeptideDbUtilTest:40 - Length of 18355 buffer: 3
21:08:02.978 DEBUG h.p.d.util.BinaryPeptideDbUtilTest:40 - Length of 18476 buffer: 3
21:08:02.978 DEBUG h.p.d.util.BinaryPeptideDbUtilTest:40 - Length of 18597 buffer: 3
21:08:02.979 DEBUG h.p.d.util.BinaryPeptideDbUtilTest:40 - Length of 18718 buffer: 3
21:08:02.979 DEBUG h.p.d.util.BinaryPeptideDbUtilTest:40 - Length of 18839 buffer: 3
21:08:02.979 DEBUG h.p.d.util.BinaryPeptideDbUtilTest:40 - Length of 18960 buffer: 3
21:08:02.979 DEBUG h.p.d.util.BinaryPeptideDbUtilTest:40 - Length of 19081 buffer: 3
21:08:02.979 DEBUG h.p.d.util.BinaryPeptideDbUtilTest:40 - Length of 19202 buffer: 3
21:08:02.979 DEBUG h.p.d.util.BinaryPeptideDbUtilTest:40 - Length of 19323 buffer: 3
21:08:02.979 DEBUG h.p.d.util.BinaryPeptideDbUtilTest:40 - Length of 19444 buffer: 3
21:08:02.979 DEBUG h.p.d.util.BinaryPeptideDbUtilTest:40 - Length of 19565 buffer: 3
21:08:02.979 DEBUG h.p.d.util.BinaryPeptideDbUtilTest:40 - Length of 19686 buffer: 3
21:08:02.979 DEBUG h.p.d.util.BinaryPeptideDbUtilTest:40 - Length of 19807 buffer: 3
21:08:02.979 DEBUG h.p.d.util.BinaryPeptideDbUtilTest:40 - Length of 19928 buffer: 3
21:08:02.980 DEBUG h.p.d.util.BinaryPeptideDbUtilTest:93 - String length: 38
21:08:02.980 DEBUG h.p.d.util.BinaryPeptideDbUtilTest:95 - Bytes length: 29
21:08:03.107 DEBUG h.pbf.digestdb.db.AccessionDbCreator:32 - Start creating accession DB from: /tmp/accession_db_test6607841999252220423.csv and write DB to: /tmp/accession_db_test6607841999252220423.csv.db
21:08:03.123 DEBUG hr.pbf.digestdb.db.AccessionDbTest:61 - Deleting files.
21:08:03.125 DEBUG h.pbf.digestdb.db.MassRocksDbCreator:55 - Start creating RocksDB from CSV file: /tmp/mass_db_test11253564232877637650.csv and write DB to: /tmp/mass_db_test11253564232877637650.csv.db
21:08:03.205 DEBUG h.pbf.digestdb.db.MassRocksDbCreator:90 - RocksDB created successfully with 19 masses.
21:08:03.206 DEBUG h.pbf.digestdb.db.MassRocksDbCreator:93 - RocksDB directory size: 29 KB bytes
21:08:03.206 DEBUG hr.pbf.digestdb.db.MassRocksDbTest:61 - db created: /tmp/mass_db_test11253564232877637650.csv.db
21:08:03.209 DEBUG hr.pbf.digestdb.db.MassRocksDbTest:104 - seq: GAGAGGR acc: [34]
21:08:03.209 DEBUG hr.pbf.digestdb.db.MassRocksDbTest:104 - seq: AAGGGGR acc: [33]
21:08:03.209 DEBUG hr.pbf.digestdb.db.MassRocksDbTest:104 - seq: RAGGGAG acc: [35]
