13:31:26.374 DEBUG h.p.d.util.BinaryPeptideDbUtilTest:59 - String length: 20000
13:31:26.378 DEBUG h.p.d.util.BinaryPeptideDbUtilTest:61 - Bytes length: 8979
13:31:26.379 INFO  h.p.d.util.BinaryPeptideDbUtilTest:68 - Find acc 1
13:31:26.380 DEBUG h.p.d.util.BinaryPeptideDbUtilTest:40 - Length of 0 buffer: 1
13:31:26.381 DEBUG h.p.d.util.BinaryPeptideDbUtilTest:40 - Length of 1 buffer: 1
13:31:26.381 DEBUG h.p.d.util.BinaryPeptideDbUtilTest:40 - Length of 2 buffer: 1
13:31:26.381 DEBUG h.p.d.util.BinaryPeptideDbUtilTest:40 - Length of 3 buffer: 1
13:31:26.381 DEBUG h.p.d.util.BinaryPeptideDbUtilTest:40 - Length of 4 buffer: 1
13:31:26.381 DEBUG h.p.d.util.BinaryPeptideDbUtilTest:40 - Length of 5 buffer: 1
13:31:26.381 DEBUG h.p.d.util.BinaryPeptideDbUtilTest:40 - Length of 6 buffer: 1
13:31:26.381 DEBUG h.p.d.util.BinaryPeptideDbUtilTest:40 - Length of 7 buffer: 1
13:31:26.381 DEBUG h.p.d.util.BinaryPeptideDbUtilTest:40 - Length of 8 buffer: 1
13:31:26.381 DEBUG h.p.d.util.BinaryPeptideDbUtilTest:40 - Length of 9 buffer: 1
13:31:26.381 DEBUG h.p.d.util.BinaryPeptideDbUtilTest:40 - Length of 10 buffer: 1
13:31:26.382 DEBUG h.p.d.util.BinaryPeptideDbUtilTest:40 - Length of 11 buffer: 1
13:31:26.382 DEBUG h.p.d.util.BinaryPeptideDbUtilTest:40 - Length of 12 buffer: 1
13:31:26.382 DEBUG h.p.d.util.BinaryPeptideDbUtilTest:40 - Length of 13 buffer: 1
13:31:26.382 DEBUG h.p.d.util.BinaryPeptideDbUtilTest:40 - Length of 14 buffer: 1
13:31:26.382 DEBUG h.p.d.util.BinaryPeptideDbUtilTest:40 - Length of 15 buffer: 1
13:31:26.382 DEBUG h.p.d.util.BinaryPeptideDbUtilTest:40 - Length of 16 buffer: 1
13:31:26.382 DEBUG h.p.d.util.BinaryPeptideDbUtilTest:40 - Length of 17 buffer: 1
13:31:26.382 DEBUG h.p.d.util.BinaryPeptideDbUtilTest:40 - Length of 18 buffer: 1
13:31:26.382 DEBUG h.p.d.util.BinaryPeptideDbUtilTest:40 - Length of 19 buffer: 1
13:31:26.383 DEBUG h.p.d.util.BinaryPeptideDbUtilTest:40 - Length of 20 buffer: 1
13:31:26.383 DEBUG h.p.d.util.BinaryPeptideDbUtilTest:40 - Length of 21 buffer: 1
13:31:26.383 DEBUG h.p.d.util.BinaryPeptideDbUtilTest:40 - Length of 42 buffer: 1
13:31:26.383 DEBUG h.p.d.util.BinaryPeptideDbUtilTest:40 - Length of 63 buffer: 1
13:31:26.383 DEBUG h.p.d.util.BinaryPeptideDbUtilTest:40 - Length of 84 buffer: 1
13:31:26.383 DEBUG h.p.d.util.BinaryPeptideDbUtilTest:40 - Length of 205 buffer: 2
13:31:26.383 DEBUG h.p.d.util.BinaryPeptideDbUtilTest:40 - Length of 326 buffer: 2
13:31:26.383 DEBUG h.p.d.util.BinaryPeptideDbUtilTest:40 - Length of 447 buffer: 2
13:31:26.383 DEBUG h.p.d.util.BinaryPeptideDbUtilTest:40 - Length of 568 buffer: 2
13:31:26.383 DEBUG h.p.d.util.BinaryPeptideDbUtilTest:40 - Length of 689 buffer: 2
13:31:26.383 DEBUG h.p.d.util.BinaryPeptideDbUtilTest:40 - Length of 810 buffer: 2
13:31:26.384 DEBUG h.p.d.util.BinaryPeptideDbUtilTest:40 - Length of 931 buffer: 2
13:31:26.384 DEBUG h.p.d.util.BinaryPeptideDbUtilTest:40 - Length of 1052 buffer: 2
13:31:26.384 DEBUG h.p.d.util.BinaryPeptideDbUtilTest:40 - Length of 1173 buffer: 2
13:31:26.384 DEBUG h.p.d.util.BinaryPeptideDbUtilTest:40 - Length of 1294 buffer: 2
13:31:26.384 DEBUG h.p.d.util.BinaryPeptideDbUtilTest:40 - Length of 1415 buffer: 2
13:31:26.384 DEBUG h.p.d.util.BinaryPeptideDbUtilTest:40 - Length of 1536 buffer: 2
13:31:26.384 DEBUG h.p.d.util.BinaryPeptideDbUtilTest:40 - Length of 1657 buffer: 2
13:31:26.384 DEBUG h.p.d.util.BinaryPeptideDbUtilTest:40 - Length of 1778 buffer: 2
13:31:26.384 DEBUG h.p.d.util.BinaryPeptideDbUtilTest:40 - Length of 1899 buffer: 2
13:31:26.384 DEBUG h.p.d.util.BinaryPeptideDbUtilTest:40 - Length of 2020 buffer: 2
13:31:26.384 DEBUG h.p.d.util.BinaryPeptideDbUtilTest:40 - Length of 2141 buffer: 2
13:31:26.384 DEBUG h.p.d.util.BinaryPeptideDbUtilTest:40 - Length of 2262 buffer: 2
13:31:26.384 DEBUG h.p.d.util.BinaryPeptideDbUtilTest:40 - Length of 2383 buffer: 2
13:31:26.385 DEBUG h.p.d.util.BinaryPeptideDbUtilTest:40 - Length of 2504 buffer: 2
13:31:26.385 DEBUG h.p.d.util.BinaryPeptideDbUtilTest:40 - Length of 2625 buffer: 2
13:31:26.385 DEBUG h.p.d.util.BinaryPeptideDbUtilTest:40 - Length of 2746 buffer: 2
13:31:26.385 DEBUG h.p.d.util.BinaryPeptideDbUtilTest:40 - Length of 2867 buffer: 2
13:31:26.385 DEBUG h.p.d.util.BinaryPeptideDbUtilTest:40 - Length of 2988 buffer: 2
13:31:26.385 DEBUG h.p.d.util.BinaryPeptideDbUtilTest:40 - Length of 3109 buffer: 2
13:31:26.385 DEBUG h.p.d.util.BinaryPeptideDbUtilTest:40 - Length of 3230 buffer: 2
13:31:26.385 DEBUG h.p.d.util.BinaryPeptideDbUtilTest:40 - Length of 3351 buffer: 2
13:31:26.385 DEBUG h.p.d.util.BinaryPeptideDbUtilTest:40 - Length of 3472 buffer: 2
13:31:26.385 DEBUG h.p.d.util.BinaryPeptideDbUtilTest:40 - Length of 3593 buffer: 2
13:31:26.385 DEBUG h.p.d.util.BinaryPeptideDbUtilTest:40 - Length of 3714 buffer: 2
13:31:26.385 DEBUG h.p.d.util.BinaryPeptideDbUtilTest:40 - Length of 3835 buffer: 2
13:31:26.385 DEBUG h.p.d.util.BinaryPeptideDbUtilTest:40 - Length of 3956 buffer: 2
13:31:26.386 DEBUG h.p.d.util.BinaryPeptideDbUtilTest:40 - Length of 4077 buffer: 2
13:31:26.386 DEBUG h.p.d.util.BinaryPeptideDbUtilTest:40 - Length of 4198 buffer: 2
13:31:26.386 DEBUG h.p.d.util.BinaryPeptideDbUtilTest:40 - Length of 4319 buffer: 2
13:31:26.386 DEBUG h.p.d.util.BinaryPeptideDbUtilTest:40 - Length of 4440 buffer: 2
13:31:26.386 DEBUG h.p.d.util.BinaryPeptideDbUtilTest:40 - Length of 4561 buffer: 2
13:31:26.386 DEBUG h.p.d.util.BinaryPeptideDbUtilTest:40 - Length of 4682 buffer: 2
13:31:26.386 DEBUG h.p.d.util.BinaryPeptideDbUtilTest:40 - Length of 4803 buffer: 2
13:31:26.386 DEBUG h.p.d.util.BinaryPeptideDbUtilTest:40 - Length of 4924 buffer: 2
13:31:26.386 DEBUG h.p.d.util.BinaryPeptideDbUtilTest:40 - Length of 5045 buffer: 2
13:31:26.386 DEBUG h.p.d.util.BinaryPeptideDbUtilTest:40 - Length of 5166 buffer: 2
13:31:26.386 DEBUG h.p.d.util.BinaryPeptideDbUtilTest:40 - Length of 5287 buffer: 2
13:31:26.386 DEBUG h.p.d.util.BinaryPeptideDbUtilTest:40 - Length of 5408 buffer: 2
13:31:26.386 DEBUG h.p.d.util.BinaryPeptideDbUtilTest:40 - Length of 5529 buffer: 2
13:31:26.387 DEBUG h.p.d.util.BinaryPeptideDbUtilTest:40 - Length of 5650 buffer: 2
13:31:26.387 DEBUG h.p.d.util.BinaryPeptideDbUtilTest:40 - Length of 5771 buffer: 2
13:31:26.387 DEBUG h.p.d.util.BinaryPeptideDbUtilTest:40 - Length of 5892 buffer: 2
13:31:26.387 DEBUG h.p.d.util.BinaryPeptideDbUtilTest:40 - Length of 6013 buffer: 2
13:31:26.387 DEBUG h.p.d.util.BinaryPeptideDbUtilTest:40 - Length of 6134 buffer: 2
13:31:26.387 DEBUG h.p.d.util.BinaryPeptideDbUtilTest:40 - Length of 6255 buffer: 2
13:31:26.387 DEBUG h.p.d.util.BinaryPeptideDbUtilTest:40 - Length of 6376 buffer: 2
13:31:26.387 DEBUG h.p.d.util.BinaryPeptideDbUtilTest:40 - Length of 6497 buffer: 2
13:31:26.387 DEBUG h.p.d.util.BinaryPeptideDbUtilTest:40 - Length of 6618 buffer: 2
13:31:26.387 DEBUG h.p.d.util.BinaryPeptideDbUtilTest:40 - Length of 6739 buffer: 2
13:31:26.387 DEBUG h.p.d.util.BinaryPeptideDbUtilTest:40 - Length of 6860 buffer: 2
13:31:26.387 DEBUG h.p.d.util.BinaryPeptideDbUtilTest:40 - Length of 6981 buffer: 2
13:31:26.387 DEBUG h.p.d.util.BinaryPeptideDbUtilTest:40 - Length of 7102 buffer: 2
13:31:26.387 DEBUG h.p.d.util.BinaryPeptideDbUtilTest:40 - Length of 7223 buffer: 2
13:31:26.388 DEBUG h.p.d.util.BinaryPeptideDbUtilTest:40 - Length of 7344 buffer: 2
13:31:26.388 DEBUG h.p.d.util.BinaryPeptideDbUtilTest:40 - Length of 7465 buffer: 2
13:31:26.388 DEBUG h.p.d.util.BinaryPeptideDbUtilTest:40 - Length of 7586 buffer: 2
13:31:26.388 DEBUG h.p.d.util.BinaryPeptideDbUtilTest:40 - Length of 7707 buffer: 2
13:31:26.388 DEBUG h.p.d.util.BinaryPeptideDbUtilTest:40 - Length of 7828 buffer: 2
13:31:26.388 DEBUG h.p.d.util.BinaryPeptideDbUtilTest:40 - Length of 7949 buffer: 2
13:31:26.388 DEBUG h.p.d.util.BinaryPeptideDbUtilTest:40 - Length of 8070 buffer: 2
13:31:26.388 DEBUG h.p.d.util.BinaryPeptideDbUtilTest:40 - Length of 8191 buffer: 2
13:31:26.388 DEBUG h.p.d.util.BinaryPeptideDbUtilTest:40 - Length of 8312 buffer: 2
13:31:26.388 DEBUG h.p.d.util.BinaryPeptideDbUtilTest:40 - Length of 8433 buffer: 2
13:31:26.388 DEBUG h.p.d.util.BinaryPeptideDbUtilTest:40 - Length of 8554 buffer: 2
13:31:26.388 DEBUG h.p.d.util.BinaryPeptideDbUtilTest:40 - Length of 8675 buffer: 2
13:31:26.388 DEBUG h.p.d.util.BinaryPeptideDbUtilTest:40 - Length of 8796 buffer: 2
13:31:26.388 DEBUG h.p.d.util.BinaryPeptideDbUtilTest:40 - Length of 8917 buffer: 2
13:31:26.388 DEBUG h.p.d.util.BinaryPeptideDbUtilTest:40 - Length of 9038 buffer: 2
13:31:26.389 DEBUG h.p.d.util.BinaryPeptideDbUtilTest:40 - Length of 9159 buffer: 2
13:31:26.389 DEBUG h.p.d.util.BinaryPeptideDbUtilTest:40 - Length of 9280 buffer: 2
13:31:26.389 DEBUG h.p.d.util.BinaryPeptideDbUtilTest:40 - Length of 9401 buffer: 2
13:31:26.389 DEBUG h.p.d.util.BinaryPeptideDbUtilTest:40 - Length of 9522 buffer: 2
13:31:26.389 DEBUG h.p.d.util.BinaryPeptideDbUtilTest:40 - Length of 9643 buffer: 2
13:31:26.389 DEBUG h.p.d.util.BinaryPeptideDbUtilTest:40 - Length of 9764 buffer: 2
13:31:26.389 DEBUG h.p.d.util.BinaryPeptideDbUtilTest:40 - Length of 9885 buffer: 2
13:31:26.389 DEBUG h.p.d.util.BinaryPeptideDbUtilTest:40 - Length of 10006 buffer: 2
13:31:26.389 DEBUG h.p.d.util.BinaryPeptideDbUtilTest:40 - Length of 10127 buffer: 2
13:31:26.389 DEBUG h.p.d.util.BinaryPeptideDbUtilTest:40 - Length of 10248 buffer: 2
13:31:26.389 DEBUG h.p.d.util.BinaryPeptideDbUtilTest:40 - Length of 10369 buffer: 2
13:31:26.389 DEBUG h.p.d.util.BinaryPeptideDbUtilTest:40 - Length of 10490 buffer: 2
13:31:26.389 DEBUG h.p.d.util.BinaryPeptideDbUtilTest:40 - Length of 10611 buffer: 2
13:31:26.389 DEBUG h.p.d.util.BinaryPeptideDbUtilTest:40 - Length of 10732 buffer: 2
13:31:26.389 DEBUG h.p.d.util.BinaryPeptideDbUtilTest:40 - Length of 10853 buffer: 2
13:31:26.390 DEBUG h.p.d.util.BinaryPeptideDbUtilTest:40 - Length of 10974 buffer: 2
13:31:26.390 DEBUG h.p.d.util.BinaryPeptideDbUtilTest:40 - Length of 11095 buffer: 2
13:31:26.390 DEBUG h.p.d.util.BinaryPeptideDbUtilTest:40 - Length of 11216 buffer: 2
13:31:26.390 DEBUG h.p.d.util.BinaryPeptideDbUtilTest:40 - Length of 11337 buffer: 2
13:31:26.390 DEBUG h.p.d.util.BinaryPeptideDbUtilTest:40 - Length of 11458 buffer: 2
13:31:26.390 DEBUG h.p.d.util.BinaryPeptideDbUtilTest:40 - Length of 11579 buffer: 2
13:31:26.390 DEBUG h.p.d.util.BinaryPeptideDbUtilTest:40 - Length of 11700 buffer: 2
13:31:26.390 DEBUG h.p.d.util.BinaryPeptideDbUtilTest:40 - Length of 11821 buffer: 2
13:31:26.390 DEBUG h.p.d.util.BinaryPeptideDbUtilTest:40 - Length of 11942 buffer: 2
13:31:26.390 DEBUG h.p.d.util.BinaryPeptideDbUtilTest:40 - Length of 12063 buffer: 2
13:31:26.390 DEBUG h.p.d.util.BinaryPeptideDbUtilTest:40 - Length of 12184 buffer: 2
13:31:26.390 DEBUG h.p.d.util.BinaryPeptideDbUtilTest:40 - Length of 12305 buffer: 2
13:31:26.390 DEBUG h.p.d.util.BinaryPeptideDbUtilTest:40 - Length of 12426 buffer: 2
13:31:26.390 DEBUG h.p.d.util.BinaryPeptideDbUtilTest:40 - Length of 12547 buffer: 2
13:31:26.391 DEBUG h.p.d.util.BinaryPeptideDbUtilTest:40 - Length of 12668 buffer: 2
13:31:26.391 DEBUG h.p.d.util.BinaryPeptideDbUtilTest:40 - Length of 12789 buffer: 2
13:31:26.391 DEBUG h.p.d.util.BinaryPeptideDbUtilTest:40 - Length of 12910 buffer: 2
13:31:26.391 DEBUG h.p.d.util.BinaryPeptideDbUtilTest:40 - Length of 13031 buffer: 2
13:31:26.391 DEBUG h.p.d.util.BinaryPeptideDbUtilTest:40 - Length of 13152 buffer: 2
13:31:26.391 DEBUG h.p.d.util.BinaryPeptideDbUtilTest:40 - Length of 13273 buffer: 2
13:31:26.391 DEBUG h.p.d.util.BinaryPeptideDbUtilTest:40 - Length of 13394 buffer: 2
13:31:26.391 DEBUG h.p.d.util.BinaryPeptideDbUtilTest:40 - Length of 13515 buffer: 2
13:31:26.391 DEBUG h.p.d.util.BinaryPeptideDbUtilTest:40 - Length of 13636 buffer: 2
13:31:26.391 DEBUG h.p.d.util.BinaryPeptideDbUtilTest:40 - Length of 13757 buffer: 2
13:31:26.391 DEBUG h.p.d.util.BinaryPeptideDbUtilTest:40 - Length of 13878 buffer: 2
13:31:26.391 DEBUG h.p.d.util.BinaryPeptideDbUtilTest:40 - Length of 13999 buffer: 2
13:31:26.391 DEBUG h.p.d.util.BinaryPeptideDbUtilTest:40 - Length of 14120 buffer: 2
13:31:26.391 DEBUG h.p.d.util.BinaryPeptideDbUtilTest:40 - Length of 14241 buffer: 2
13:31:26.391 DEBUG h.p.d.util.BinaryPeptideDbUtilTest:40 - Length of 14362 buffer: 2
13:31:26.391 DEBUG h.p.d.util.BinaryPeptideDbUtilTest:40 - Length of 14483 buffer: 2
13:31:26.392 DEBUG h.p.d.util.BinaryPeptideDbUtilTest:40 - Length of 14604 buffer: 2
13:31:26.392 DEBUG h.p.d.util.BinaryPeptideDbUtilTest:40 - Length of 14725 buffer: 2
13:31:26.392 DEBUG h.p.d.util.BinaryPeptideDbUtilTest:40 - Length of 14846 buffer: 2
13:31:26.392 DEBUG h.p.d.util.BinaryPeptideDbUtilTest:40 - Length of 14967 buffer: 2
13:31:26.392 DEBUG h.p.d.util.BinaryPeptideDbUtilTest:40 - Length of 15088 buffer: 2
13:31:26.392 DEBUG h.p.d.util.BinaryPeptideDbUtilTest:40 - Length of 15209 buffer: 2
13:31:26.392 DEBUG h.p.d.util.BinaryPeptideDbUtilTest:40 - Length of 15330 buffer: 2
13:31:26.392 DEBUG h.p.d.util.BinaryPeptideDbUtilTest:40 - Length of 15451 buffer: 2
13:31:26.392 DEBUG h.p.d.util.BinaryPeptideDbUtilTest:40 - Length of 15572 buffer: 2
13:31:26.392 DEBUG h.p.d.util.BinaryPeptideDbUtilTest:40 - Length of 15693 buffer: 2
13:31:26.392 DEBUG h.p.d.util.BinaryPeptideDbUtilTest:40 - Length of 15814 buffer: 2
13:31:26.392 DEBUG h.p.d.util.BinaryPeptideDbUtilTest:40 - Length of 15935 buffer: 2
13:31:26.392 DEBUG h.p.d.util.BinaryPeptideDbUtilTest:40 - Length of 16056 buffer: 2
13:31:26.392 DEBUG h.p.d.util.BinaryPeptideDbUtilTest:40 - Length of 16177 buffer: 2
13:31:26.392 DEBUG h.p.d.util.BinaryPeptideDbUtilTest:40 - Length of 16298 buffer: 2
13:31:26.392 DEBUG h.p.d.util.BinaryPeptideDbUtilTest:40 - Length of 16419 buffer: 3
13:31:26.392 DEBUG h.p.d.util.BinaryPeptideDbUtilTest:40 - Length of 16540 buffer: 3
13:31:26.392 DEBUG h.p.d.util.BinaryPeptideDbUtilTest:40 - Length of 16661 buffer: 3
13:31:26.392 DEBUG h.p.d.util.BinaryPeptideDbUtilTest:40 - Length of 16782 buffer: 3
13:31:26.393 DEBUG h.p.d.util.BinaryPeptideDbUtilTest:40 - Length of 16903 buffer: 3
13:31:26.393 DEBUG h.p.d.util.BinaryPeptideDbUtilTest:40 - Length of 17024 buffer: 3
13:31:26.393 DEBUG h.p.d.util.BinaryPeptideDbUtilTest:40 - Length of 17145 buffer: 3
13:31:26.393 DEBUG h.p.d.util.BinaryPeptideDbUtilTest:40 - Length of 17266 buffer: 3
13:31:26.393 DEBUG h.p.d.util.BinaryPeptideDbUtilTest:40 - Length of 17387 buffer: 3
13:31:26.393 DEBUG h.p.d.util.BinaryPeptideDbUtilTest:40 - Length of 17508 buffer: 3
13:31:26.393 DEBUG h.p.d.util.BinaryPeptideDbUtilTest:40 - Length of 17629 buffer: 3
13:31:26.393 DEBUG h.p.d.util.BinaryPeptideDbUtilTest:40 - Length of 17750 buffer: 3
13:31:26.393 DEBUG h.p.d.util.BinaryPeptideDbUtilTest:40 - Length of 17871 buffer: 3
13:31:26.393 DEBUG h.p.d.util.BinaryPeptideDbUtilTest:40 - Length of 17992 buffer: 3
13:31:26.393 DEBUG h.p.d.util.BinaryPeptideDbUtilTest:40 - Length of 18113 buffer: 3
13:31:26.393 DEBUG h.p.d.util.BinaryPeptideDbUtilTest:40 - Length of 18234 buffer: 3
13:31:26.393 DEBUG h.p.d.util.BinaryPeptideDbUtilTest:40 - Length of 18355 buffer: 3
13:31:26.393 DEBUG h.p.d.util.BinaryPeptideDbUtilTest:40 - Length of 18476 buffer: 3
13:31:26.393 DEBUG h.p.d.util.BinaryPeptideDbUtilTest:40 - Length of 18597 buffer: 3
13:31:26.393 DEBUG h.p.d.util.BinaryPeptideDbUtilTest:40 - Length of 18718 buffer: 3
13:31:26.393 DEBUG h.p.d.util.BinaryPeptideDbUtilTest:40 - Length of 18839 buffer: 3
13:31:26.393 DEBUG h.p.d.util.BinaryPeptideDbUtilTest:40 - Length of 18960 buffer: 3
13:31:26.394 DEBUG h.p.d.util.BinaryPeptideDbUtilTest:40 - Length of 19081 buffer: 3
13:31:26.394 DEBUG h.p.d.util.BinaryPeptideDbUtilTest:40 - Length of 19202 buffer: 3
13:31:26.394 DEBUG h.p.d.util.BinaryPeptideDbUtilTest:40 - Length of 19323 buffer: 3
13:31:26.394 DEBUG h.p.d.util.BinaryPeptideDbUtilTest:40 - Length of 19444 buffer: 3
13:31:26.394 DEBUG h.p.d.util.BinaryPeptideDbUtilTest:40 - Length of 19565 buffer: 3
13:31:26.394 DEBUG h.p.d.util.BinaryPeptideDbUtilTest:40 - Length of 19686 buffer: 3
13:31:26.394 DEBUG h.p.d.util.BinaryPeptideDbUtilTest:40 - Length of 19807 buffer: 3
13:31:26.394 DEBUG h.p.d.util.BinaryPeptideDbUtilTest:40 - Length of 19928 buffer: 3
13:31:26.395 DEBUG h.p.d.util.BinaryPeptideDbUtilTest:93 - String length: 38
13:31:26.395 DEBUG h.p.d.util.BinaryPeptideDbUtilTest:95 - Bytes length: 29
13:31:26.564 DEBUG h.pbf.digestdb.db.AccessionDbCreator:32 - Start creating accession DB from: /tmp/accession_db_test12575877716832350754.csv and write DB to: /tmp/accession_db_test12575877716832350754.csv.db
13:31:26.583 DEBUG hr.pbf.digestdb.db.AccessionDbTest:61 - Deleting files.
13:31:26.585 DEBUG h.pbf.digestdb.db.MassRocksDbCreator:55 - Start creating RocksDB from CSV file: /tmp/mass_db_test14764548688808598940.csv and write DB to: /tmp/mass_db_test14764548688808598940.csv.db
13:31:26.658 DEBUG h.pbf.digestdb.db.MassRocksDbCreator:90 - RocksDB created successfully with 19 masses.
13:31:26.658 DEBUG h.pbf.digestdb.db.MassRocksDbCreator:93 - RocksDB directory size: 29 KB bytes
13:31:26.658 DEBUG hr.pbf.digestdb.db.MassRocksDbTest:61 - db created: /tmp/mass_db_test14764548688808598940.csv.db
13:31:26.662 DEBUG hr.pbf.digestdb.db.MassRocksDbTest:104 - seq: GAGAGGR acc: [34]
13:31:26.662 DEBUG hr.pbf.digestdb.db.MassRocksDbTest:104 - seq: AAGGGGR acc: [33]
13:31:26.662 DEBUG hr.pbf.digestdb.db.MassRocksDbTest:104 - seq: RAGGGAG acc: [35]
13:48:45.721 DEBUG h.p.d.util.BinaryPeptideDbUtilTest:59 - String length: 20000
13:48:45.724 DEBUG h.p.d.util.BinaryPeptideDbUtilTest:61 - Bytes length: 8979
13:48:45.725 INFO  h.p.d.util.BinaryPeptideDbUtilTest:68 - Find acc 1
13:48:45.726 DEBUG h.p.d.util.BinaryPeptideDbUtilTest:40 - Length of 0 buffer: 1
13:48:45.726 DEBUG h.p.d.util.BinaryPeptideDbUtilTest:40 - Length of 1 buffer: 1
13:48:45.726 DEBUG h.p.d.util.BinaryPeptideDbUtilTest:40 - Length of 2 buffer: 1
13:48:45.727 DEBUG h.p.d.util.BinaryPeptideDbUtilTest:40 - Length of 3 buffer: 1
13:48:45.727 DEBUG h.p.d.util.BinaryPeptideDbUtilTest:40 - Length of 4 buffer: 1
13:48:45.727 DEBUG h.p.d.util.BinaryPeptideDbUtilTest:40 - Length of 5 buffer: 1
13:48:45.727 DEBUG h.p.d.util.BinaryPeptideDbUtilTest:40 - Length of 6 buffer: 1
13:48:45.727 DEBUG h.p.d.util.BinaryPeptideDbUtilTest:40 - Length of 7 buffer: 1
13:48:45.727 DEBUG h.p.d.util.BinaryPeptideDbUtilTest:40 - Length of 8 buffer: 1
13:48:45.727 DEBUG h.p.d.util.BinaryPeptideDbUtilTest:40 - Length of 9 buffer: 1
13:48:45.727 DEBUG h.p.d.util.BinaryPeptideDbUtilTest:40 - Length of 10 buffer: 1
13:48:45.727 DEBUG h.p.d.util.BinaryPeptideDbUtilTest:40 - Length of 11 buffer: 1
13:48:45.727 DEBUG h.p.d.util.BinaryPeptideDbUtilTest:40 - Length of 12 buffer: 1
13:48:45.727 DEBUG h.p.d.util.BinaryPeptideDbUtilTest:40 - Length of 13 buffer: 1
13:48:45.728 DEBUG h.p.d.util.BinaryPeptideDbUtilTest:40 - Length of 14 buffer: 1
13:48:45.728 DEBUG h.p.d.util.BinaryPeptideDbUtilTest:40 - Length of 15 buffer: 1
13:48:45.728 DEBUG h.p.d.util.BinaryPeptideDbUtilTest:40 - Length of 16 buffer: 1
13:48:45.728 DEBUG h.p.d.util.BinaryPeptideDbUtilTest:40 - Length of 17 buffer: 1
13:48:45.728 DEBUG h.p.d.util.BinaryPeptideDbUtilTest:40 - Length of 18 buffer: 1
13:48:45.728 DEBUG h.p.d.util.BinaryPeptideDbUtilTest:40 - Length of 19 buffer: 1
13:48:45.728 DEBUG h.p.d.util.BinaryPeptideDbUtilTest:40 - Length of 20 buffer: 1
13:48:45.728 DEBUG h.p.d.util.BinaryPeptideDbUtilTest:40 - Length of 21 buffer: 1
13:48:45.728 DEBUG h.p.d.util.BinaryPeptideDbUtilTest:40 - Length of 42 buffer: 1
13:48:45.728 DEBUG h.p.d.util.BinaryPeptideDbUtilTest:40 - Length of 63 buffer: 1
13:48:45.728 DEBUG h.p.d.util.BinaryPeptideDbUtilTest:40 - Length of 84 buffer: 1
13:48:45.729 DEBUG h.p.d.util.BinaryPeptideDbUtilTest:40 - Length of 205 buffer: 2
13:48:45.729 DEBUG h.p.d.util.BinaryPeptideDbUtilTest:40 - Length of 326 buffer: 2
13:48:45.729 DEBUG h.p.d.util.BinaryPeptideDbUtilTest:40 - Length of 447 buffer: 2
13:48:45.729 DEBUG h.p.d.util.BinaryPeptideDbUtilTest:40 - Length of 568 buffer: 2
13:48:45.729 DEBUG h.p.d.util.BinaryPeptideDbUtilTest:40 - Length of 689 buffer: 2
13:48:45.729 DEBUG h.p.d.util.BinaryPeptideDbUtilTest:40 - Length of 810 buffer: 2
13:48:45.729 DEBUG h.p.d.util.BinaryPeptideDbUtilTest:40 - Length of 931 buffer: 2
13:48:45.729 DEBUG h.p.d.util.BinaryPeptideDbUtilTest:40 - Length of 1052 buffer: 2
13:48:45.729 DEBUG h.p.d.util.BinaryPeptideDbUtilTest:40 - Length of 1173 buffer: 2
13:48:45.729 DEBUG h.p.d.util.BinaryPeptideDbUtilTest:40 - Length of 1294 buffer: 2
13:48:45.729 DEBUG h.p.d.util.BinaryPeptideDbUtilTest:40 - Length of 1415 buffer: 2
13:48:45.729 DEBUG h.p.d.util.BinaryPeptideDbUtilTest:40 - Length of 1536 buffer: 2
13:48:45.730 DEBUG h.p.d.util.BinaryPeptideDbUtilTest:40 - Length of 1657 buffer: 2
13:48:45.730 DEBUG h.p.d.util.BinaryPeptideDbUtilTest:40 - Length of 1778 buffer: 2
13:48:45.730 DEBUG h.p.d.util.BinaryPeptideDbUtilTest:40 - Length of 1899 buffer: 2
13:48:45.730 DEBUG h.p.d.util.BinaryPeptideDbUtilTest:40 - Length of 2020 buffer: 2
13:48:45.730 DEBUG h.p.d.util.BinaryPeptideDbUtilTest:40 - Length of 2141 buffer: 2
13:48:45.730 DEBUG h.p.d.util.BinaryPeptideDbUtilTest:40 - Length of 2262 buffer: 2
13:48:45.730 DEBUG h.p.d.util.BinaryPeptideDbUtilTest:40 - Length of 2383 buffer: 2
13:48:45.730 DEBUG h.p.d.util.BinaryPeptideDbUtilTest:40 - Length of 2504 buffer: 2
13:48:45.730 DEBUG h.p.d.util.BinaryPeptideDbUtilTest:40 - Length of 2625 buffer: 2
13:48:45.730 DEBUG h.p.d.util.BinaryPeptideDbUtilTest:40 - Length of 2746 buffer: 2
13:48:45.730 DEBUG h.p.d.util.BinaryPeptideDbUtilTest:40 - Length of 2867 buffer: 2
13:48:45.730 DEBUG h.p.d.util.BinaryPeptideDbUtilTest:40 - Length of 2988 buffer: 2
13:48:45.730 DEBUG h.p.d.util.BinaryPeptideDbUtilTest:40 - Length of 3109 buffer: 2
13:48:45.731 DEBUG h.p.d.util.BinaryPeptideDbUtilTest:40 - Length of 3230 buffer: 2
13:48:45.731 DEBUG h.p.d.util.BinaryPeptideDbUtilTest:40 - Length of 3351 buffer: 2
13:48:45.731 DEBUG h.p.d.util.BinaryPeptideDbUtilTest:40 - Length of 3472 buffer: 2
13:48:45.731 DEBUG h.p.d.util.BinaryPeptideDbUtilTest:40 - Length of 3593 buffer: 2
13:48:45.731 DEBUG h.p.d.util.BinaryPeptideDbUtilTest:40 - Length of 3714 buffer: 2
13:48:45.731 DEBUG h.p.d.util.BinaryPeptideDbUtilTest:40 - Length of 3835 buffer: 2
13:48:45.731 DEBUG h.p.d.util.BinaryPeptideDbUtilTest:40 - Length of 3956 buffer: 2
13:48:45.731 DEBUG h.p.d.util.BinaryPeptideDbUtilTest:40 - Length of 4077 buffer: 2
13:48:45.731 DEBUG h.p.d.util.BinaryPeptideDbUtilTest:40 - Length of 4198 buffer: 2
13:48:45.731 DEBUG h.p.d.util.BinaryPeptideDbUtilTest:40 - Length of 4319 buffer: 2
13:48:45.731 DEBUG h.p.d.util.BinaryPeptideDbUtilTest:40 - Length of 4440 buffer: 2
13:48:45.731 DEBUG h.p.d.util.BinaryPeptideDbUtilTest:40 - Length of 4561 buffer: 2
13:48:45.731 DEBUG h.p.d.util.BinaryPeptideDbUtilTest:40 - Length of 4682 buffer: 2
13:48:45.732 DEBUG h.p.d.util.BinaryPeptideDbUtilTest:40 - Length of 4803 buffer: 2
13:48:45.732 DEBUG h.p.d.util.BinaryPeptideDbUtilTest:40 - Length of 4924 buffer: 2
13:48:45.732 DEBUG h.p.d.util.BinaryPeptideDbUtilTest:40 - Length of 5045 buffer: 2
13:48:45.732 DEBUG h.p.d.util.BinaryPeptideDbUtilTest:40 - Length of 5166 buffer: 2
13:48:45.732 DEBUG h.p.d.util.BinaryPeptideDbUtilTest:40 - Length of 5287 buffer: 2
13:48:45.732 DEBUG h.p.d.util.BinaryPeptideDbUtilTest:40 - Length of 5408 buffer: 2
13:48:45.732 DEBUG h.p.d.util.BinaryPeptideDbUtilTest:40 - Length of 5529 buffer: 2
13:48:45.732 DEBUG h.p.d.util.BinaryPeptideDbUtilTest:40 - Length of 5650 buffer: 2
13:48:45.732 DEBUG h.p.d.util.BinaryPeptideDbUtilTest:40 - Length of 5771 buffer: 2
13:48:45.732 DEBUG h.p.d.util.BinaryPeptideDbUtilTest:40 - Length of 5892 buffer: 2
13:48:45.732 DEBUG h.p.d.util.BinaryPeptideDbUtilTest:40 - Length of 6013 buffer: 2
13:48:45.732 DEBUG h.p.d.util.BinaryPeptideDbUtilTest:40 - Length of 6134 buffer: 2
13:48:45.732 DEBUG h.p.d.util.BinaryPeptideDbUtilTest:40 - Length of 6255 buffer: 2
13:48:45.733 DEBUG h.p.d.util.BinaryPeptideDbUtilTest:40 - Length of 6376 buffer: 2
13:48:45.733 DEBUG h.p.d.util.BinaryPeptideDbUtilTest:40 - Length of 6497 buffer: 2
13:48:45.733 DEBUG h.p.d.util.BinaryPeptideDbUtilTest:40 - Length of 6618 buffer: 2
13:48:45.733 DEBUG h.p.d.util.BinaryPeptideDbUtilTest:40 - Length of 6739 buffer: 2
13:48:45.733 DEBUG h.p.d.util.BinaryPeptideDbUtilTest:40 - Length of 6860 buffer: 2
13:48:45.733 DEBUG h.p.d.util.BinaryPeptideDbUtilTest:40 - Length of 6981 buffer: 2
13:48:45.733 DEBUG h.p.d.util.BinaryPeptideDbUtilTest:40 - Length of 7102 buffer: 2
13:48:45.733 DEBUG h.p.d.util.BinaryPeptideDbUtilTest:40 - Length of 7223 buffer: 2
13:48:45.733 DEBUG h.p.d.util.BinaryPeptideDbUtilTest:40 - Length of 7344 buffer: 2
13:48:45.733 DEBUG h.p.d.util.BinaryPeptideDbUtilTest:40 - Length of 7465 buffer: 2
13:48:45.733 DEBUG h.p.d.util.BinaryPeptideDbUtilTest:40 - Length of 7586 buffer: 2
13:48:45.733 DEBUG h.p.d.util.BinaryPeptideDbUtilTest:40 - Length of 7707 buffer: 2
13:48:45.733 DEBUG h.p.d.util.BinaryPeptideDbUtilTest:40 - Length of 7828 buffer: 2
13:48:45.733 DEBUG h.p.d.util.BinaryPeptideDbUtilTest:40 - Length of 7949 buffer: 2
13:48:45.734 DEBUG h.p.d.util.BinaryPeptideDbUtilTest:40 - Length of 8070 buffer: 2
13:48:45.734 DEBUG h.p.d.util.BinaryPeptideDbUtilTest:40 - Length of 8191 buffer: 2
13:48:45.734 DEBUG h.p.d.util.BinaryPeptideDbUtilTest:40 - Length of 8312 buffer: 2
13:48:45.734 DEBUG h.p.d.util.BinaryPeptideDbUtilTest:40 - Length of 8433 buffer: 2
13:48:45.734 DEBUG h.p.d.util.BinaryPeptideDbUtilTest:40 - Length of 8554 buffer: 2
13:48:45.734 DEBUG h.p.d.util.BinaryPeptideDbUtilTest:40 - Length of 8675 buffer: 2
13:48:45.734 DEBUG h.p.d.util.BinaryPeptideDbUtilTest:40 - Length of 8796 buffer: 2
13:48:45.734 DEBUG h.p.d.util.BinaryPeptideDbUtilTest:40 - Length of 8917 buffer: 2
13:48:45.734 DEBUG h.p.d.util.BinaryPeptideDbUtilTest:40 - Length of 9038 buffer: 2
13:48:45.734 DEBUG h.p.d.util.BinaryPeptideDbUtilTest:40 - Length of 9159 buffer: 2
13:48:45.734 DEBUG h.p.d.util.BinaryPeptideDbUtilTest:40 - Length of 9280 buffer: 2
13:48:45.734 DEBUG h.p.d.util.BinaryPeptideDbUtilTest:40 - Length of 9401 buffer: 2
13:48:45.734 DEBUG h.p.d.util.BinaryPeptideDbUtilTest:40 - Length of 9522 buffer: 2
13:48:45.735 DEBUG h.p.d.util.BinaryPeptideDbUtilTest:40 - Length of 9643 buffer: 2
13:48:45.735 DEBUG h.p.d.util.BinaryPeptideDbUtilTest:40 - Length of 9764 buffer: 2
13:48:45.735 DEBUG h.p.d.util.BinaryPeptideDbUtilTest:40 - Length of 9885 buffer: 2
13:48:45.735 DEBUG h.p.d.util.BinaryPeptideDbUtilTest:40 - Length of 10006 buffer: 2
13:48:45.735 DEBUG h.p.d.util.BinaryPeptideDbUtilTest:40 - Length of 10127 buffer: 2
13:48:45.735 DEBUG h.p.d.util.BinaryPeptideDbUtilTest:40 - Length of 10248 buffer: 2
13:48:45.735 DEBUG h.p.d.util.BinaryPeptideDbUtilTest:40 - Length of 10369 buffer: 2
13:48:45.735 DEBUG h.p.d.util.BinaryPeptideDbUtilTest:40 - Length of 10490 buffer: 2
13:48:45.735 DEBUG h.p.d.util.BinaryPeptideDbUtilTest:40 - Length of 10611 buffer: 2
13:48:45.735 DEBUG h.p.d.util.BinaryPeptideDbUtilTest:40 - Length of 10732 buffer: 2
13:48:45.735 DEBUG h.p.d.util.BinaryPeptideDbUtilTest:40 - Length of 10853 buffer: 2
13:48:45.735 DEBUG h.p.d.util.BinaryPeptideDbUtilTest:40 - Length of 10974 buffer: 2
13:48:45.735 DEBUG h.p.d.util.BinaryPeptideDbUtilTest:40 - Length of 11095 buffer: 2
13:48:45.735 DEBUG h.p.d.util.BinaryPeptideDbUtilTest:40 - Length of 11216 buffer: 2
13:48:45.735 DEBUG h.p.d.util.BinaryPeptideDbUtilTest:40 - Length of 11337 buffer: 2
13:48:45.736 DEBUG h.p.d.util.BinaryPeptideDbUtilTest:40 - Length of 11458 buffer: 2
13:48:45.736 DEBUG h.p.d.util.BinaryPeptideDbUtilTest:40 - Length of 11579 buffer: 2
13:48:45.736 DEBUG h.p.d.util.BinaryPeptideDbUtilTest:40 - Length of 11700 buffer: 2
13:48:45.736 DEBUG h.p.d.util.BinaryPeptideDbUtilTest:40 - Length of 11821 buffer: 2
13:48:45.736 DEBUG h.p.d.util.BinaryPeptideDbUtilTest:40 - Length of 11942 buffer: 2
13:48:45.736 DEBUG h.p.d.util.BinaryPeptideDbUtilTest:40 - Length of 12063 buffer: 2
13:48:45.736 DEBUG h.p.d.util.BinaryPeptideDbUtilTest:40 - Length of 12184 buffer: 2
13:48:45.736 DEBUG h.p.d.util.BinaryPeptideDbUtilTest:40 - Length of 12305 buffer: 2
13:48:45.736 DEBUG h.p.d.util.BinaryPeptideDbUtilTest:40 - Length of 12426 buffer: 2
13:48:45.736 DEBUG h.p.d.util.BinaryPeptideDbUtilTest:40 - Length of 12547 buffer: 2
13:48:45.736 DEBUG h.p.d.util.BinaryPeptideDbUtilTest:40 - Length of 12668 buffer: 2
13:48:45.736 DEBUG h.p.d.util.BinaryPeptideDbUtilTest:40 - Length of 12789 buffer: 2
13:48:45.736 DEBUG h.p.d.util.BinaryPeptideDbUtilTest:40 - Length of 12910 buffer: 2
13:48:45.737 DEBUG h.p.d.util.BinaryPeptideDbUtilTest:40 - Length of 13031 buffer: 2
13:48:45.737 DEBUG h.p.d.util.BinaryPeptideDbUtilTest:40 - Length of 13152 buffer: 2
13:48:45.737 DEBUG h.p.d.util.BinaryPeptideDbUtilTest:40 - Length of 13273 buffer: 2
13:48:45.737 DEBUG h.p.d.util.BinaryPeptideDbUtilTest:40 - Length of 13394 buffer: 2
13:48:45.737 DEBUG h.p.d.util.BinaryPeptideDbUtilTest:40 - Length of 13515 buffer: 2
13:48:45.737 DEBUG h.p.d.util.BinaryPeptideDbUtilTest:40 - Length of 13636 buffer: 2
13:48:45.737 DEBUG h.p.d.util.BinaryPeptideDbUtilTest:40 - Length of 13757 buffer: 2
13:48:45.737 DEBUG h.p.d.util.BinaryPeptideDbUtilTest:40 - Length of 13878 buffer: 2
13:48:45.737 DEBUG h.p.d.util.BinaryPeptideDbUtilTest:40 - Length of 13999 buffer: 2
13:48:45.737 DEBUG h.p.d.util.BinaryPeptideDbUtilTest:40 - Length of 14120 buffer: 2
13:48:45.737 DEBUG h.p.d.util.BinaryPeptideDbUtilTest:40 - Length of 14241 buffer: 2
13:48:45.737 DEBUG h.p.d.util.BinaryPeptideDbUtilTest:40 - Length of 14362 buffer: 2
13:48:45.737 DEBUG h.p.d.util.BinaryPeptideDbUtilTest:40 - Length of 14483 buffer: 2
13:48:45.737 DEBUG h.p.d.util.BinaryPeptideDbUtilTest:40 - Length of 14604 buffer: 2
13:48:45.738 DEBUG h.p.d.util.BinaryPeptideDbUtilTest:40 - Length of 14725 buffer: 2
13:48:45.738 DEBUG h.p.d.util.BinaryPeptideDbUtilTest:40 - Length of 14846 buffer: 2
13:48:45.738 DEBUG h.p.d.util.BinaryPeptideDbUtilTest:40 - Length of 14967 buffer: 2
13:48:45.738 DEBUG h.p.d.util.BinaryPeptideDbUtilTest:40 - Length of 15088 buffer: 2
13:48:45.738 DEBUG h.p.d.util.BinaryPeptideDbUtilTest:40 - Length of 15209 buffer: 2
13:48:45.738 DEBUG h.p.d.util.BinaryPeptideDbUtilTest:40 - Length of 15330 buffer: 2
13:48:45.738 DEBUG h.p.d.util.BinaryPeptideDbUtilTest:40 - Length of 15451 buffer: 2
13:48:45.738 DEBUG h.p.d.util.BinaryPeptideDbUtilTest:40 - Length of 15572 buffer: 2
13:48:45.738 DEBUG h.p.d.util.BinaryPeptideDbUtilTest:40 - Length of 15693 buffer: 2
13:48:45.738 DEBUG h.p.d.util.BinaryPeptideDbUtilTest:40 - Length of 15814 buffer: 2
13:48:45.738 DEBUG h.p.d.util.BinaryPeptideDbUtilTest:40 - Length of 15935 buffer: 2
13:48:45.738 DEBUG h.p.d.util.BinaryPeptideDbUtilTest:40 - Length of 16056 buffer: 2
13:48:45.738 DEBUG h.p.d.util.BinaryPeptideDbUtilTest:40 - Length of 16177 buffer: 2
13:48:45.738 DEBUG h.p.d.util.BinaryPeptideDbUtilTest:40 - Length of 16298 buffer: 2
13:48:45.738 DEBUG h.p.d.util.BinaryPeptideDbUtilTest:40 - Length of 16419 buffer: 3
13:48:45.738 DEBUG h.p.d.util.BinaryPeptideDbUtilTest:40 - Length of 16540 buffer: 3
13:48:45.738 DEBUG h.p.d.util.BinaryPeptideDbUtilTest:40 - Length of 16661 buffer: 3
13:48:45.738 DEBUG h.p.d.util.BinaryPeptideDbUtilTest:40 - Length of 16782 buffer: 3
13:48:45.739 DEBUG h.p.d.util.BinaryPeptideDbUtilTest:40 - Length of 16903 buffer: 3
13:48:45.739 DEBUG h.p.d.util.BinaryPeptideDbUtilTest:40 - Length of 17024 buffer: 3
13:48:45.739 DEBUG h.p.d.util.BinaryPeptideDbUtilTest:40 - Length of 17145 buffer: 3
13:48:45.739 DEBUG h.p.d.util.BinaryPeptideDbUtilTest:40 - Length of 17266 buffer: 3
13:48:45.739 DEBUG h.p.d.util.BinaryPeptideDbUtilTest:40 - Length of 17387 buffer: 3
13:48:45.739 DEBUG h.p.d.util.BinaryPeptideDbUtilTest:40 - Length of 17508 buffer: 3
13:48:45.739 DEBUG h.p.d.util.BinaryPeptideDbUtilTest:40 - Length of 17629 buffer: 3
13:48:45.739 DEBUG h.p.d.util.BinaryPeptideDbUtilTest:40 - Length of 17750 buffer: 3
13:48:45.739 DEBUG h.p.d.util.BinaryPeptideDbUtilTest:40 - Length of 17871 buffer: 3
13:48:45.739 DEBUG h.p.d.util.BinaryPeptideDbUtilTest:40 - Length of 17992 buffer: 3
13:48:45.739 DEBUG h.p.d.util.BinaryPeptideDbUtilTest:40 - Length of 18113 buffer: 3
13:48:45.739 DEBUG h.p.d.util.BinaryPeptideDbUtilTest:40 - Length of 18234 buffer: 3
13:48:45.739 DEBUG h.p.d.util.BinaryPeptideDbUtilTest:40 - Length of 18355 buffer: 3
13:48:45.739 DEBUG h.p.d.util.BinaryPeptideDbUtilTest:40 - Length of 18476 buffer: 3
13:48:45.739 DEBUG h.p.d.util.BinaryPeptideDbUtilTest:40 - Length of 18597 buffer: 3
13:48:45.739 DEBUG h.p.d.util.BinaryPeptideDbUtilTest:40 - Length of 18718 buffer: 3
13:48:45.739 DEBUG h.p.d.util.BinaryPeptideDbUtilTest:40 - Length of 18839 buffer: 3
13:48:45.739 DEBUG h.p.d.util.BinaryPeptideDbUtilTest:40 - Length of 18960 buffer: 3
13:48:45.740 DEBUG h.p.d.util.BinaryPeptideDbUtilTest:40 - Length of 19081 buffer: 3
13:48:45.740 DEBUG h.p.d.util.BinaryPeptideDbUtilTest:40 - Length of 19202 buffer: 3
13:48:45.740 DEBUG h.p.d.util.BinaryPeptideDbUtilTest:40 - Length of 19323 buffer: 3
13:48:45.740 DEBUG h.p.d.util.BinaryPeptideDbUtilTest:40 - Length of 19444 buffer: 3
13:48:45.740 DEBUG h.p.d.util.BinaryPeptideDbUtilTest:40 - Length of 19565 buffer: 3
13:48:45.740 DEBUG h.p.d.util.BinaryPeptideDbUtilTest:40 - Length of 19686 buffer: 3
13:48:45.740 DEBUG h.p.d.util.BinaryPeptideDbUtilTest:40 - Length of 19807 buffer: 3
13:48:45.740 DEBUG h.p.d.util.BinaryPeptideDbUtilTest:40 - Length of 19928 buffer: 3
13:48:45.741 DEBUG h.p.d.util.BinaryPeptideDbUtilTest:93 - String length: 38
13:48:45.741 DEBUG h.p.d.util.BinaryPeptideDbUtilTest:95 - Bytes length: 29
13:48:45.867 DEBUG h.pbf.digestdb.db.AccessionDbCreator:32 - Start creating accession DB from: /tmp/accession_db_test4411655485385423558.csv and write DB to: /tmp/accession_db_test4411655485385423558.csv.db
13:48:45.883 DEBUG hr.pbf.digestdb.db.AccessionDbTest:61 - Deleting files.
13:48:45.887 DEBUG h.pbf.digestdb.db.MassRocksDbCreator:55 - Start creating RocksDB from CSV file: /tmp/mass_db_test13620120059344756389.csv and write DB to: /tmp/mass_db_test13620120059344756389.csv.db
13:48:45.962 DEBUG h.pbf.digestdb.db.MassRocksDbCreator:90 - RocksDB created successfully with 19 masses.
13:48:45.962 DEBUG h.pbf.digestdb.db.MassRocksDbCreator:93 - RocksDB directory size: 29 KB bytes
13:48:45.963 DEBUG hr.pbf.digestdb.db.MassRocksDbTest:61 - db created: /tmp/mass_db_test13620120059344756389.csv.db
13:48:45.966 DEBUG hr.pbf.digestdb.db.MassRocksDbTest:104 - seq: GAGAGGR acc: [34]
13:48:45.966 DEBUG hr.pbf.digestdb.db.MassRocksDbTest:104 - seq: AAGGGGR acc: [33]
13:48:45.966 DEBUG hr.pbf.digestdb.db.MassRocksDbTest:104 - seq: RAGGGAG acc: [35]
14:03:57.252 DEBUG h.p.d.util.BinaryPeptideDbUtilTest:59 - String length: 20000
14:03:57.255 DEBUG h.p.d.util.BinaryPeptideDbUtilTest:61 - Bytes length: 8979
14:03:57.256 INFO  h.p.d.util.BinaryPeptideDbUtilTest:68 - Find acc 1
14:03:57.258 DEBUG h.p.d.util.BinaryPeptideDbUtilTest:40 - Length of 0 buffer: 1
14:03:57.258 DEBUG h.p.d.util.BinaryPeptideDbUtilTest:40 - Length of 1 buffer: 1
14:03:57.259 DEBUG h.p.d.util.BinaryPeptideDbUtilTest:40 - Length of 2 buffer: 1
14:03:57.259 DEBUG h.p.d.util.BinaryPeptideDbUtilTest:40 - Length of 3 buffer: 1
14:03:57.259 DEBUG h.p.d.util.BinaryPeptideDbUtilTest:40 - Length of 4 buffer: 1
14:03:57.259 DEBUG h.p.d.util.BinaryPeptideDbUtilTest:40 - Length of 5 buffer: 1
14:03:57.259 DEBUG h.p.d.util.BinaryPeptideDbUtilTest:40 - Length of 6 buffer: 1
14:03:57.259 DEBUG h.p.d.util.BinaryPeptideDbUtilTest:40 - Length of 7 buffer: 1
14:03:57.259 DEBUG h.p.d.util.BinaryPeptideDbUtilTest:40 - Length of 8 buffer: 1
14:03:57.260 DEBUG h.p.d.util.BinaryPeptideDbUtilTest:40 - Length of 9 buffer: 1
14:03:57.260 DEBUG h.p.d.util.BinaryPeptideDbUtilTest:40 - Length of 10 buffer: 1
14:03:57.260 DEBUG h.p.d.util.BinaryPeptideDbUtilTest:40 - Length of 11 buffer: 1
14:03:57.260 DEBUG h.p.d.util.BinaryPeptideDbUtilTest:40 - Length of 12 buffer: 1
14:03:57.260 DEBUG h.p.d.util.BinaryPeptideDbUtilTest:40 - Length of 13 buffer: 1
14:03:57.260 DEBUG h.p.d.util.BinaryPeptideDbUtilTest:40 - Length of 14 buffer: 1
14:03:57.260 DEBUG h.p.d.util.BinaryPeptideDbUtilTest:40 - Length of 15 buffer: 1
14:03:57.260 DEBUG h.p.d.util.BinaryPeptideDbUtilTest:40 - Length of 16 buffer: 1
14:03:57.260 DEBUG h.p.d.util.BinaryPeptideDbUtilTest:40 - Length of 17 buffer: 1
14:03:57.261 DEBUG h.p.d.util.BinaryPeptideDbUtilTest:40 - Length of 18 buffer: 1
14:03:57.261 DEBUG h.p.d.util.BinaryPeptideDbUtilTest:40 - Length of 19 buffer: 1
14:03:57.261 DEBUG h.p.d.util.BinaryPeptideDbUtilTest:40 - Length of 20 buffer: 1
14:03:57.261 DEBUG h.p.d.util.BinaryPeptideDbUtilTest:40 - Length of 21 buffer: 1
14:03:57.261 DEBUG h.p.d.util.BinaryPeptideDbUtilTest:40 - Length of 42 buffer: 1
14:03:57.261 DEBUG h.p.d.util.BinaryPeptideDbUtilTest:40 - Length of 63 buffer: 1
14:03:57.261 DEBUG h.p.d.util.BinaryPeptideDbUtilTest:40 - Length of 84 buffer: 1
14:03:57.261 DEBUG h.p.d.util.BinaryPeptideDbUtilTest:40 - Length of 205 buffer: 2
14:03:57.261 DEBUG h.p.d.util.BinaryPeptideDbUtilTest:40 - Length of 326 buffer: 2
14:03:57.261 DEBUG h.p.d.util.BinaryPeptideDbUtilTest:40 - Length of 447 buffer: 2
14:03:57.261 DEBUG h.p.d.util.BinaryPeptideDbUtilTest:40 - Length of 568 buffer: 2
14:03:57.262 DEBUG h.p.d.util.BinaryPeptideDbUtilTest:40 - Length of 689 buffer: 2
14:03:57.262 DEBUG h.p.d.util.BinaryPeptideDbUtilTest:40 - Length of 810 buffer: 2
14:03:57.262 DEBUG h.p.d.util.BinaryPeptideDbUtilTest:40 - Length of 931 buffer: 2
14:03:57.262 DEBUG h.p.d.util.BinaryPeptideDbUtilTest:40 - Length of 1052 buffer: 2
14:03:57.262 DEBUG h.p.d.util.BinaryPeptideDbUtilTest:40 - Length of 1173 buffer: 2
14:03:57.262 DEBUG h.p.d.util.BinaryPeptideDbUtilTest:40 - Length of 1294 buffer: 2
14:03:57.262 DEBUG h.p.d.util.BinaryPeptideDbUtilTest:40 - Length of 1415 buffer: 2
14:03:57.262 DEBUG h.p.d.util.BinaryPeptideDbUtilTest:40 - Length of 1536 buffer: 2
14:03:57.262 DEBUG h.p.d.util.BinaryPeptideDbUtilTest:40 - Length of 1657 buffer: 2
14:03:57.262 DEBUG h.p.d.util.BinaryPeptideDbUtilTest:40 - Length of 1778 buffer: 2
14:03:57.262 DEBUG h.p.d.util.BinaryPeptideDbUtilTest:40 - Length of 1899 buffer: 2
14:03:57.262 DEBUG h.p.d.util.BinaryPeptideDbUtilTest:40 - Length of 2020 buffer: 2
14:03:57.262 DEBUG h.p.d.util.BinaryPeptideDbUtilTest:40 - Length of 2141 buffer: 2
14:03:57.263 DEBUG h.p.d.util.BinaryPeptideDbUtilTest:40 - Length of 2262 buffer: 2
14:03:57.263 DEBUG h.p.d.util.BinaryPeptideDbUtilTest:40 - Length of 2383 buffer: 2
14:03:57.263 DEBUG h.p.d.util.BinaryPeptideDbUtilTest:40 - Length of 2504 buffer: 2
14:03:57.263 DEBUG h.p.d.util.BinaryPeptideDbUtilTest:40 - Length of 2625 buffer: 2
14:03:57.263 DEBUG h.p.d.util.BinaryPeptideDbUtilTest:40 - Length of 2746 buffer: 2
14:03:57.263 DEBUG h.p.d.util.BinaryPeptideDbUtilTest:40 - Length of 2867 buffer: 2
14:03:57.263 DEBUG h.p.d.util.BinaryPeptideDbUtilTest:40 - Length of 2988 buffer: 2
14:03:57.263 DEBUG h.p.d.util.BinaryPeptideDbUtilTest:40 - Length of 3109 buffer: 2
14:03:57.263 DEBUG h.p.d.util.BinaryPeptideDbUtilTest:40 - Length of 3230 buffer: 2
14:03:57.263 DEBUG h.p.d.util.BinaryPeptideDbUtilTest:40 - Length of 3351 buffer: 2
14:03:57.263 DEBUG h.p.d.util.BinaryPeptideDbUtilTest:40 - Length of 3472 buffer: 2
14:03:57.263 DEBUG h.p.d.util.BinaryPeptideDbUtilTest:40 - Length of 3593 buffer: 2
14:03:57.263 DEBUG h.p.d.util.BinaryPeptideDbUtilTest:40 - Length of 3714 buffer: 2
14:03:57.264 DEBUG h.p.d.util.BinaryPeptideDbUtilTest:40 - Length of 3835 buffer: 2
14:03:57.264 DEBUG h.p.d.util.BinaryPeptideDbUtilTest:40 - Length of 3956 buffer: 2
14:03:57.264 DEBUG h.p.d.util.BinaryPeptideDbUtilTest:40 - Length of 4077 buffer: 2
14:03:57.264 DEBUG h.p.d.util.BinaryPeptideDbUtilTest:40 - Length of 4198 buffer: 2
14:03:57.264 DEBUG h.p.d.util.BinaryPeptideDbUtilTest:40 - Length of 4319 buffer: 2
14:03:57.264 DEBUG h.p.d.util.BinaryPeptideDbUtilTest:40 - Length of 4440 buffer: 2
14:03:57.264 DEBUG h.p.d.util.BinaryPeptideDbUtilTest:40 - Length of 4561 buffer: 2
14:03:57.264 DEBUG h.p.d.util.BinaryPeptideDbUtilTest:40 - Length of 4682 buffer: 2
14:03:57.264 DEBUG h.p.d.util.BinaryPeptideDbUtilTest:40 - Length of 4803 buffer: 2
14:03:57.264 DEBUG h.p.d.util.BinaryPeptideDbUtilTest:40 - Length of 4924 buffer: 2
14:03:57.264 DEBUG h.p.d.util.BinaryPeptideDbUtilTest:40 - Length of 5045 buffer: 2
14:03:57.264 DEBUG h.p.d.util.BinaryPeptideDbUtilTest:40 - Length of 5166 buffer: 2
14:03:57.265 DEBUG h.p.d.util.BinaryPeptideDbUtilTest:40 - Length of 5287 buffer: 2
14:03:57.265 DEBUG h.p.d.util.BinaryPeptideDbUtilTest:40 - Length of 5408 buffer: 2
14:03:57.265 DEBUG h.p.d.util.BinaryPeptideDbUtilTest:40 - Length of 5529 buffer: 2
14:03:57.265 DEBUG h.p.d.util.BinaryPeptideDbUtilTest:40 - Length of 5650 buffer: 2
14:03:57.265 DEBUG h.p.d.util.BinaryPeptideDbUtilTest:40 - Length of 5771 buffer: 2
14:03:57.265 DEBUG h.p.d.util.BinaryPeptideDbUtilTest:40 - Length of 5892 buffer: 2
14:03:57.265 DEBUG h.p.d.util.BinaryPeptideDbUtilTest:40 - Length of 6013 buffer: 2
14:03:57.265 DEBUG h.p.d.util.BinaryPeptideDbUtilTest:40 - Length of 6134 buffer: 2
14:03:57.265 DEBUG h.p.d.util.BinaryPeptideDbUtilTest:40 - Length of 6255 buffer: 2
14:03:57.265 DEBUG h.p.d.util.BinaryPeptideDbUtilTest:40 - Length of 6376 buffer: 2
14:03:57.265 DEBUG h.p.d.util.BinaryPeptideDbUtilTest:40 - Length of 6497 buffer: 2
14:03:57.265 DEBUG h.p.d.util.BinaryPeptideDbUtilTest:40 - Length of 6618 buffer: 2
14:03:57.265 DEBUG h.p.d.util.BinaryPeptideDbUtilTest:40 - Length of 6739 buffer: 2
14:03:57.266 DEBUG h.p.d.util.BinaryPeptideDbUtilTest:40 - Length of 6860 buffer: 2
14:03:57.266 DEBUG h.p.d.util.BinaryPeptideDbUtilTest:40 - Length of 6981 buffer: 2
14:03:57.266 DEBUG h.p.d.util.BinaryPeptideDbUtilTest:40 - Length of 7102 buffer: 2
14:03:57.266 DEBUG h.p.d.util.BinaryPeptideDbUtilTest:40 - Length of 7223 buffer: 2
14:03:57.266 DEBUG h.p.d.util.BinaryPeptideDbUtilTest:40 - Length of 7344 buffer: 2
14:03:57.266 DEBUG h.p.d.util.BinaryPeptideDbUtilTest:40 - Length of 7465 buffer: 2
14:03:57.266 DEBUG h.p.d.util.BinaryPeptideDbUtilTest:40 - Length of 7586 buffer: 2
14:03:57.266 DEBUG h.p.d.util.BinaryPeptideDbUtilTest:40 - Length of 7707 buffer: 2
14:03:57.266 DEBUG h.p.d.util.BinaryPeptideDbUtilTest:40 - Length of 7828 buffer: 2
14:03:57.266 DEBUG h.p.d.util.BinaryPeptideDbUtilTest:40 - Length of 7949 buffer: 2
14:03:57.266 DEBUG h.p.d.util.BinaryPeptideDbUtilTest:40 - Length of 8070 buffer: 2
14:03:57.267 DEBUG h.p.d.util.BinaryPeptideDbUtilTest:40 - Length of 8191 buffer: 2
14:03:57.267 DEBUG h.p.d.util.BinaryPeptideDbUtilTest:40 - Length of 8312 buffer: 2
14:03:57.267 DEBUG h.p.d.util.BinaryPeptideDbUtilTest:40 - Length of 8433 buffer: 2
14:03:57.267 DEBUG h.p.d.util.BinaryPeptideDbUtilTest:40 - Length of 8554 buffer: 2
14:03:57.267 DEBUG h.p.d.util.BinaryPeptideDbUtilTest:40 - Length of 8675 buffer: 2
14:03:57.267 DEBUG h.p.d.util.BinaryPeptideDbUtilTest:40 - Length of 8796 buffer: 2
14:03:57.267 DEBUG h.p.d.util.BinaryPeptideDbUtilTest:40 - Length of 8917 buffer: 2
14:03:57.267 DEBUG h.p.d.util.BinaryPeptideDbUtilTest:40 - Length of 9038 buffer: 2
14:03:57.267 DEBUG h.p.d.util.BinaryPeptideDbUtilTest:40 - Length of 9159 buffer: 2
14:03:57.267 DEBUG h.p.d.util.BinaryPeptideDbUtilTest:40 - Length of 9280 buffer: 2
14:03:57.267 DEBUG h.p.d.util.BinaryPeptideDbUtilTest:40 - Length of 9401 buffer: 2
14:03:57.267 DEBUG h.p.d.util.BinaryPeptideDbUtilTest:40 - Length of 9522 buffer: 2
14:03:57.267 DEBUG h.p.d.util.BinaryPeptideDbUtilTest:40 - Length of 9643 buffer: 2
14:03:57.268 DEBUG h.p.d.util.BinaryPeptideDbUtilTest:40 - Length of 9764 buffer: 2
14:03:57.268 DEBUG h.p.d.util.BinaryPeptideDbUtilTest:40 - Length of 9885 buffer: 2
14:03:57.268 DEBUG h.p.d.util.BinaryPeptideDbUtilTest:40 - Length of 10006 buffer: 2
14:03:57.268 DEBUG h.p.d.util.BinaryPeptideDbUtilTest:40 - Length of 10127 buffer: 2
14:03:57.268 DEBUG h.p.d.util.BinaryPeptideDbUtilTest:40 - Length of 10248 buffer: 2
14:03:57.268 DEBUG h.p.d.util.BinaryPeptideDbUtilTest:40 - Length of 10369 buffer: 2
14:03:57.268 DEBUG h.p.d.util.BinaryPeptideDbUtilTest:40 - Length of 10490 buffer: 2
14:03:57.268 DEBUG h.p.d.util.BinaryPeptideDbUtilTest:40 - Length of 10611 buffer: 2
14:03:57.268 DEBUG h.p.d.util.BinaryPeptideDbUtilTest:40 - Length of 10732 buffer: 2
14:03:57.268 DEBUG h.p.d.util.BinaryPeptideDbUtilTest:40 - Length of 10853 buffer: 2
14:03:57.268 DEBUG h.p.d.util.BinaryPeptideDbUtilTest:40 - Length of 10974 buffer: 2
14:03:57.268 DEBUG h.p.d.util.BinaryPeptideDbUtilTest:40 - Length of 11095 buffer: 2
14:03:57.268 DEBUG h.p.d.util.BinaryPeptideDbUtilTest:40 - Length of 11216 buffer: 2
14:03:57.268 DEBUG h.p.d.util.BinaryPeptideDbUtilTest:40 - Length of 11337 buffer: 2
14:03:57.268 DEBUG h.p.d.util.BinaryPeptideDbUtilTest:40 - Length of 11458 buffer: 2
14:03:57.268 DEBUG h.p.d.util.BinaryPeptideDbUtilTest:40 - Length of 11579 buffer: 2
14:03:57.269 DEBUG h.p.d.util.BinaryPeptideDbUtilTest:40 - Length of 11700 buffer: 2
14:03:57.269 DEBUG h.p.d.util.BinaryPeptideDbUtilTest:40 - Length of 11821 buffer: 2
14:03:57.269 DEBUG h.p.d.util.BinaryPeptideDbUtilTest:40 - Length of 11942 buffer: 2
14:03:57.269 DEBUG h.p.d.util.BinaryPeptideDbUtilTest:40 - Length of 12063 buffer: 2
14:03:57.269 DEBUG h.p.d.util.BinaryPeptideDbUtilTest:40 - Length of 12184 buffer: 2
14:03:57.269 DEBUG h.p.d.util.BinaryPeptideDbUtilTest:40 - Length of 12305 buffer: 2
14:03:57.269 DEBUG h.p.d.util.BinaryPeptideDbUtilTest:40 - Length of 12426 buffer: 2
14:03:57.269 DEBUG h.p.d.util.BinaryPeptideDbUtilTest:40 - Length of 12547 buffer: 2
14:03:57.270 DEBUG h.p.d.util.BinaryPeptideDbUtilTest:40 - Length of 12668 buffer: 2
14:03:57.270 DEBUG h.p.d.util.BinaryPeptideDbUtilTest:40 - Length of 12789 buffer: 2
14:03:57.270 DEBUG h.p.d.util.BinaryPeptideDbUtilTest:40 - Length of 12910 buffer: 2
14:03:57.270 DEBUG h.p.d.util.BinaryPeptideDbUtilTest:40 - Length of 13031 buffer: 2
14:03:57.270 DEBUG h.p.d.util.BinaryPeptideDbUtilTest:40 - Length of 13152 buffer: 2
14:03:57.270 DEBUG h.p.d.util.BinaryPeptideDbUtilTest:40 - Length of 13273 buffer: 2
14:03:57.270 DEBUG h.p.d.util.BinaryPeptideDbUtilTest:40 - Length of 13394 buffer: 2
14:03:57.270 DEBUG h.p.d.util.BinaryPeptideDbUtilTest:40 - Length of 13515 buffer: 2
14:03:57.270 DEBUG h.p.d.util.BinaryPeptideDbUtilTest:40 - Length of 13636 buffer: 2
14:03:57.270 DEBUG h.p.d.util.BinaryPeptideDbUtilTest:40 - Length of 13757 buffer: 2
14:03:57.270 DEBUG h.p.d.util.BinaryPeptideDbUtilTest:40 - Length of 13878 buffer: 2
14:03:57.270 DEBUG h.p.d.util.BinaryPeptideDbUtilTest:40 - Length of 13999 buffer: 2
14:03:57.270 DEBUG h.p.d.util.BinaryPeptideDbUtilTest:40 - Length of 14120 buffer: 2
14:03:57.270 DEBUG h.p.d.util.BinaryPeptideDbUtilTest:40 - Length of 14241 buffer: 2
14:03:57.270 DEBUG h.p.d.util.BinaryPeptideDbUtilTest:40 - Length of 14362 buffer: 2
14:03:57.271 DEBUG h.p.d.util.BinaryPeptideDbUtilTest:40 - Length of 14483 buffer: 2
14:03:57.271 DEBUG h.p.d.util.BinaryPeptideDbUtilTest:40 - Length of 14604 buffer: 2
14:03:57.271 DEBUG h.p.d.util.BinaryPeptideDbUtilTest:40 - Length of 14725 buffer: 2
14:03:57.271 DEBUG h.p.d.util.BinaryPeptideDbUtilTest:40 - Length of 14846 buffer: 2
14:03:57.271 DEBUG h.p.d.util.BinaryPeptideDbUtilTest:40 - Length of 14967 buffer: 2
14:03:57.271 DEBUG h.p.d.util.BinaryPeptideDbUtilTest:40 - Length of 15088 buffer: 2
14:03:57.271 DEBUG h.p.d.util.BinaryPeptideDbUtilTest:40 - Length of 15209 buffer: 2
14:03:57.271 DEBUG h.p.d.util.BinaryPeptideDbUtilTest:40 - Length of 15330 buffer: 2
14:03:57.271 DEBUG h.p.d.util.BinaryPeptideDbUtilTest:40 - Length of 15451 buffer: 2
14:03:57.271 DEBUG h.p.d.util.BinaryPeptideDbUtilTest:40 - Length of 15572 buffer: 2
14:03:57.271 DEBUG h.p.d.util.BinaryPeptideDbUtilTest:40 - Length of 15693 buffer: 2
14:03:57.271 DEBUG h.p.d.util.BinaryPeptideDbUtilTest:40 - Length of 15814 buffer: 2
14:03:57.271 DEBUG h.p.d.util.BinaryPeptideDbUtilTest:40 - Length of 15935 buffer: 2
14:03:57.271 DEBUG h.p.d.util.BinaryPeptideDbUtilTest:40 - Length of 16056 buffer: 2
14:03:57.271 DEBUG h.p.d.util.BinaryPeptideDbUtilTest:40 - Length of 16177 buffer: 2
14:03:57.271 DEBUG h.p.d.util.BinaryPeptideDbUtilTest:40 - Length of 16298 buffer: 2
14:03:57.272 DEBUG h.p.d.util.BinaryPeptideDbUtilTest:40 - Length of 16419 buffer: 3
14:03:57.272 DEBUG h.p.d.util.BinaryPeptideDbUtilTest:40 - Length of 16540 buffer: 3
14:03:57.272 DEBUG h.p.d.util.BinaryPeptideDbUtilTest:40 - Length of 16661 buffer: 3
14:03:57.272 DEBUG h.p.d.util.BinaryPeptideDbUtilTest:40 - Length of 16782 buffer: 3
14:03:57.272 DEBUG h.p.d.util.BinaryPeptideDbUtilTest:40 - Length of 16903 buffer: 3
14:03:57.272 DEBUG h.p.d.util.BinaryPeptideDbUtilTest:40 - Length of 17024 buffer: 3
14:03:57.272 DEBUG h.p.d.util.BinaryPeptideDbUtilTest:40 - Length of 17145 buffer: 3
14:03:57.272 DEBUG h.p.d.util.BinaryPeptideDbUtilTest:40 - Length of 17266 buffer: 3
14:03:57.272 DEBUG h.p.d.util.BinaryPeptideDbUtilTest:40 - Length of 17387 buffer: 3
14:03:57.272 DEBUG h.p.d.util.BinaryPeptideDbUtilTest:40 - Length of 17508 buffer: 3
14:03:57.272 DEBUG h.p.d.util.BinaryPeptideDbUtilTest:40 - Length of 17629 buffer: 3
14:03:57.272 DEBUG h.p.d.util.BinaryPeptideDbUtilTest:40 - Length of 17750 buffer: 3
14:03:57.272 DEBUG h.p.d.util.BinaryPeptideDbUtilTest:40 - Length of 17871 buffer: 3
14:03:57.272 DEBUG h.p.d.util.BinaryPeptideDbUtilTest:40 - Length of 17992 buffer: 3
14:03:57.272 DEBUG h.p.d.util.BinaryPeptideDbUtilTest:40 - Length of 18113 buffer: 3
14:03:57.273 DEBUG h.p.d.util.BinaryPeptideDbUtilTest:40 - Length of 18234 buffer: 3
14:03:57.273 DEBUG h.p.d.util.BinaryPeptideDbUtilTest:40 - Length of 18355 buffer: 3
14:03:57.273 DEBUG h.p.d.util.BinaryPeptideDbUtilTest:40 - Length of 18476 buffer: 3
14:03:57.273 DEBUG h.p.d.util.BinaryPeptideDbUtilTest:40 - Length of 18597 buffer: 3
14:03:57.273 DEBUG h.p.d.util.BinaryPeptideDbUtilTest:40 - Length of 18718 buffer: 3
14:03:57.273 DEBUG h.p.d.util.BinaryPeptideDbUtilTest:40 - Length of 18839 buffer: 3
14:03:57.273 DEBUG h.p.d.util.BinaryPeptideDbUtilTest:40 - Length of 18960 buffer: 3
14:03:57.273 DEBUG h.p.d.util.BinaryPeptideDbUtilTest:40 - Length of 19081 buffer: 3
14:03:57.273 DEBUG h.p.d.util.BinaryPeptideDbUtilTest:40 - Length of 19202 buffer: 3
14:03:57.273 DEBUG h.p.d.util.BinaryPeptideDbUtilTest:40 - Length of 19323 buffer: 3
14:03:57.273 DEBUG h.p.d.util.BinaryPeptideDbUtilTest:40 - Length of 19444 buffer: 3
14:03:57.273 DEBUG h.p.d.util.BinaryPeptideDbUtilTest:40 - Length of 19565 buffer: 3
14:03:57.273 DEBUG h.p.d.util.BinaryPeptideDbUtilTest:40 - Length of 19686 buffer: 3
14:03:57.273 DEBUG h.p.d.util.BinaryPeptideDbUtilTest:40 - Length of 19807 buffer: 3
14:03:57.273 DEBUG h.p.d.util.BinaryPeptideDbUtilTest:40 - Length of 19928 buffer: 3
14:03:57.275 DEBUG h.p.d.util.BinaryPeptideDbUtilTest:93 - String length: 38
14:03:57.276 DEBUG h.p.d.util.BinaryPeptideDbUtilTest:95 - Bytes length: 29
14:03:57.419 DEBUG h.pbf.digestdb.db.AccessionDbCreator:32 - Start creating accession DB from: /tmp/accession_db_test18130818689504296397.csv and write DB to: /tmp/accession_db_test18130818689504296397.csv.db
14:03:57.434 DEBUG hr.pbf.digestdb.db.AccessionDbTest:61 - Deleting files.
14:03:57.437 DEBUG h.pbf.digestdb.db.MassRocksDbCreator:55 - Start creating RocksDB from CSV file: /tmp/mass_db_test13936079129107660475.csv and write DB to: /tmp/mass_db_test13936079129107660475.csv.db
14:03:57.514 DEBUG h.pbf.digestdb.db.MassRocksDbCreator:90 - RocksDB created successfully with 19 masses.
14:03:57.515 DEBUG h.pbf.digestdb.db.MassRocksDbCreator:93 - RocksDB directory size: 29 KB bytes
14:03:57.515 DEBUG hr.pbf.digestdb.db.MassRocksDbTest:61 - db created: /tmp/mass_db_test13936079129107660475.csv.db
14:03:57.518 DEBUG hr.pbf.digestdb.db.MassRocksDbTest:104 - seq: GAGAGGR acc: [34]
14:03:57.518 DEBUG hr.pbf.digestdb.db.MassRocksDbTest:104 - seq: AAGGGGR acc: [33]
14:03:57.518 DEBUG hr.pbf.digestdb.db.MassRocksDbTest:104 - seq: RAGGGAG acc: [35]
